[INFO ] 2019-11-19T03:18:50,771Z [main] manifests.Manifests.info - 111 attributes loaded from 123 stream(s) in 11s, 111 saved, 1956 ignored: ["ActiveMQ-Version", "Agent-Class", "Ant-Version", "Application-Class", "Application-Library-Allowable-Codebase", "Application-Name", "Application-Version", "Archiver-Version", "Automatic-Module-Name", "Bnd-LastModified", "Branch", "Build-Date", "Build-Host", "Build-Id", "Build-Java-Version", "Build-Jdk", "Build-Job", "Build-Number", "Build-Timestamp", "Built-By", "Built-OS", "Built-Status", "Bundle-Activator", "Bundle-Category", "Bundle-ClassPath", "Bundle-Copyright", "Bundle-Description", "Bundle-DocURL", "Bundle-License", "Bundle-ManifestVersion", "Bundle-Name", "Bundle-RequiredExecutionEnvironment", "Bundle-SymbolicName", "Bundle-Vendor", "Bundle-Version", "Caller-Allowable-Codebase", "Can-Redefine-Classes", "Can-Retransform-Classes", "Can-Set-Native-Method-Prefix", "Caplets", "Change", "Codebase", "Corda-Platform-Version", "Corda-Release-Version", "Corda-Revision", "Corda-Vendor", "Created-By", "DynamicImport-Package", "Eclipse-BuddyPolicy", "Eclipse-LazyStart", "Export-Package", "Extension-Name", "Fragment-Host", "Gradle-Version", "Ignore-Package", "Implementation-Build", "Implementation-Build-Date", "Implementation-Title", "Implementation-URL", "Implementation-Url", "Implementation-Vendor", "Implementation-Vendor-Id", "Implementation-Version", "Import-Package", "Include-Resource", "JCabi-Build", "JCabi-Date", "JCabi-Version", "JVM-Args", "Java-Agents", "Java-Vendor", "Java-Version", "Kotlin-Runtime-Component", "Kotlin-Version", "Log4jReleaseKey", "Log4jReleaseManager", "Log4jReleaseVersion", "Main-Class", "Main-class", "Manifest-Version", "Min-Java-Version", "Min-Update-Version", "Module-Email", "Module-Origin", "Module-Owner", "Module-Source", "Multi-Release", "Originally-Created-By", "Os-Arch", "Os-Name", "Os-Version", "Package", "Permissions", "Premain-Class", "Private-Package", "Provide-Capability", "Require-Capability", "SCM-Revision", "SCM-url", "Scm-Connection", "Scm-Revision", "Scm-Url", "Service-Component", "Specification-Title", "Specification-Vendor", "Specification-Version", "System-Properties", "Tool", "Trusted-Library", "X-Compile-Source-JDK", "X-Compile-Target-JDK"] {}
[INFO ] 2019-11-19T03:18:51,626Z [main] BasicInfo.printBasicNodeInfo - Logs can be found in                    : C:\aeez\441\michiganseniors\corda\voteApp\build\nodes\Voter\logs {}
[INFO ] 2019-11-19T03:18:51,931Z [main] config.ConfigHelper.loadConfig - Config:
{
    # reference.conf @ jar:file:/C:/aeez/441/michiganseniors/corda/voteApp/build/nodes/Voter/corda.jar!/reference.conf: 20
    "activeMQServer" : {
        # reference.conf @ jar:file:/C:/aeez/441/michiganseniors/corda/voteApp/build/nodes/Voter/corda.jar!/reference.conf: 21
        "bridge" : {
            # reference.conf @ jar:file:/C:/aeez/441/michiganseniors/corda/voteApp/build/nodes/Voter/corda.jar!/reference.conf: 24
            "maxRetryIntervalMin" : 3,
            # reference.conf @ jar:file:/C:/aeez/441/michiganseniors/corda/voteApp/build/nodes/Voter/corda.jar!/reference.conf: 22
            "retryIntervalMs" : 5000,
            # reference.conf @ jar:file:/C:/aeez/441/michiganseniors/corda/voteApp/build/nodes/Voter/corda.jar!/reference.conf: 23
            "retryIntervalMultiplier" : 1.5
        }
    },
    # hardcoded value
    "baseDirectory" : "C:\\aeez\\441\\michiganseniors\\corda\\voteApp\\build\\nodes\\Voter",
    # merge of reference.conf @ jar:file:/C:/aeez/441/michiganseniors/corda/voteApp/build/nodes/Voter/corda.jar!/reference.conf: 6,reference.conf @ jar:file:/C:/aeez/441/michiganseniors/corda/voteApp/build/nodes/.cache/apps/net.corda.node.Corda_3.3-corda/corda-node-3.3-corda.jar!/reference.conf: 6
    "dataSourceProperties" : {
        # reference.conf @ jar:file:/C:/aeez/441/michiganseniors/corda/voteApp/build/nodes/Voter/corda.jar!/reference.conf: 10
        "dataSource.password" : "",
        # merge of reference.conf @ jar:file:/C:/aeez/441/michiganseniors/corda/voteApp/build/nodes/Voter/corda.jar!/reference.conf: 8,hardcoded value,reference.conf @ jar:file:/C:/aeez/441/michiganseniors/corda/voteApp/build/nodes/Voter/corda.jar!/reference.conf: 8,reference.conf @ jar:file:/C:/aeez/441/michiganseniors/corda/voteApp/build/nodes/Voter/corda.jar!/reference.conf: 17
        "dataSource.url" : "jdbc:h2:file:C:\\aeez\\441\\michiganseniors\\corda\\voteApp\\build\\nodes\\Voter/persistence;DB_CLOSE_ON_EXIT=FALSE;LOCK_TIMEOUT=10000;WRITE_DELAY=100;AUTO_SERVER_PORT=0",
        # reference.conf @ jar:file:/C:/aeez/441/michiganseniors/corda/voteApp/build/nodes/Voter/corda.jar!/reference.conf: 9
        "dataSource.user" : "sa",
        # reference.conf @ jar:file:/C:/aeez/441/michiganseniors/corda/voteApp/build/nodes/Voter/corda.jar!/reference.conf: 7
        "dataSourceClassName" : "org.h2.jdbcx.JdbcDataSource"
    },
    # reference.conf @ jar:file:/C:/aeez/441/michiganseniors/corda/voteApp/build/nodes/Voter/corda.jar!/reference.conf: 12
    "database" : {
        # reference.conf @ jar:file:/C:/aeez/441/michiganseniors/corda/voteApp/build/nodes/Voter/corda.jar!/reference.conf: 14
        "exportHibernateJMXStatistics" : "false",
        # reference.conf @ jar:file:/C:/aeez/441/michiganseniors/corda/voteApp/build/nodes/Voter/corda.jar!/reference.conf: 13
        "transactionIsolationLevel" : "REPEATABLE_READ"
    },
    # reference.conf @ jar:file:/C:/aeez/441/michiganseniors/corda/voteApp/build/nodes/Voter/corda.jar!/reference.conf: 16
    "devMode" : true,
    # reference.conf @ jar:file:/C:/aeez/441/michiganseniors/corda/voteApp/build/nodes/Voter/corda.jar!/reference.conf: 2
    "emailAddress" : "admin@company.com",
    # reference.conf @ jar:file:/C:/aeez/441/michiganseniors/corda/voteApp/build/nodes/Voter/corda.jar!/reference.conf: 3
    "exportJMXto" : "http",
    # reference.conf @ jar:file:/C:/aeez/441/michiganseniors/corda/voteApp/build/nodes/Voter/corda.jar!/reference.conf: 31
    "flowTimeout" : {
        # reference.conf @ jar:file:/C:/aeez/441/michiganseniors/corda/voteApp/build/nodes/Voter/corda.jar!/reference.conf: 34
        "backoffBase" : 1.8,
        # reference.conf @ jar:file:/C:/aeez/441/michiganseniors/corda/voteApp/build/nodes/Voter/corda.jar!/reference.conf: 33
        "maxRestartCount" : 5,
        # reference.conf @ jar:file:/C:/aeez/441/michiganseniors/corda/voteApp/build/nodes/Voter/corda.jar!/reference.conf: 32
        "timeout" : "30 seconds"
    },
    # reference.conf @ jar:file:/C:/aeez/441/michiganseniors/corda/voteApp/build/nodes/Voter/corda.jar!/reference.conf: 17
    "h2port" : 0,
    # reference.conf @ jar:file:/C:/aeez/441/michiganseniors/corda/voteApp/build/nodes/Voter/corda.jar!/reference.conf: 4
    "keyStorePassword" : "cordacadevpass",
    # C:\aeez\441\michiganseniors\corda\voteApp\build\nodes\Voter\node.conf: 1
    "myLegalName" : "O=Voter,L=New York,C=US",
    # hardcoded value
    "noLocalShell" : false,
    # C:\aeez\441\michiganseniors\corda\voteApp\build\nodes\Voter\node.conf: 2
    "p2pAddress" : "localhost:10008",
    # merge of C:\aeez\441\michiganseniors\corda\voteApp\build\nodes\Voter\node.conf: 3,reference.conf @ jar:file:/C:/aeez/441/michiganseniors/corda/voteApp/build/nodes/Voter/corda.jar!/reference.conf: 27
    "rpcSettings" : {
        # C:\aeez\441\michiganseniors\corda\voteApp\build\nodes\Voter\node.conf: 4
        "address" : "localhost:10009",
        # C:\aeez\441\michiganseniors\corda\voteApp\build\nodes\Voter\node.conf: 5
        "adminAddress" : "localhost:10049",
        # reference.conf @ jar:file:/C:/aeez/441/michiganseniors/corda/voteApp/build/nodes/Voter/corda.jar!/reference.conf: 29
        "standAloneBroker" : false,
        # reference.conf @ jar:file:/C:/aeez/441/michiganseniors/corda/voteApp/build/nodes/Voter/corda.jar!/reference.conf: 28
        "useSsl" : false
    },
    # C:\aeez\441\michiganseniors\corda\voteApp\build\nodes\Voter\node.conf: 7
    "rpcUsers" : [
        # C:\aeez\441\michiganseniors\corda\voteApp\build\nodes\Voter\node.conf: 8
        {
            # C:\aeez\441\michiganseniors\corda\voteApp\build\nodes\Voter\node.conf: 9
            "password" : "test",
            # C:\aeez\441\michiganseniors\corda\voteApp\build\nodes\Voter\node.conf: 10
            "permissions" : [
                # C:\aeez\441\michiganseniors\corda\voteApp\build\nodes\Voter\node.conf: 11
                "ALL"
            ],
            # C:\aeez\441\michiganseniors\corda\voteApp\build\nodes\Voter\node.conf: 13
            "user" : "user1"
        }
    ],
    # reference.conf @ jar:file:/C:/aeez/441/michiganseniors/corda/voteApp/build/nodes/Voter/corda.jar!/reference.conf: 5
    "trustStorePassword" : "trustpass",
    # reference.conf @ jar:file:/C:/aeez/441/michiganseniors/corda/voteApp/build/nodes/Voter/corda.jar!/reference.conf: 18
    "useTestClock" : false,
    # reference.conf @ jar:file:/C:/aeez/441/michiganseniors/corda/voteApp/build/nodes/Voter/corda.jar!/reference.conf: 19
    "verifierType" : "InMemory"
}
 {}
[WARN ] 2019-11-19T03:18:53,870Z [main] internal.config.defaultToOldPath - Config key user has been deprecated and will be removed in a future release. Use username instead {}
[INFO ] 2019-11-19T03:18:53,951Z [main] internal.Node.logStartupInfo - Vendor: Corda Open Source {}
[INFO ] 2019-11-19T03:18:53,951Z [main] internal.Node.logStartupInfo - Release: 3.3-corda {}
[INFO ] 2019-11-19T03:18:53,951Z [main] internal.Node.logStartupInfo - Platform Version: 3 {}
[INFO ] 2019-11-19T03:18:53,952Z [main] internal.Node.logStartupInfo - Revision: c834162cd488784a0412bba4c9e638da89912ac2 {}
[INFO ] 2019-11-19T03:18:53,953Z [main] internal.Node.logStartupInfo - PID: 2056 {}
[INFO ] 2019-11-19T03:18:53,953Z [main] internal.Node.logStartupInfo - Main class: /C:/aeez/441/michiganseniors/corda/voteApp/build/nodes/.cache/apps/net.corda.node.Corda_3.3-corda/corda-node-3.3-corda.jar {}
[INFO ] 2019-11-19T03:18:53,954Z [main] internal.Node.logStartupInfo - CommandLine Args: -Xmx200m -XX:+UseG1GC -javaagent:C:\aeez\441\michiganseniors\corda\voteApp\build\nodes\Voter\corda.jar -javaagent:C:\aeez\441\michiganseniors\corda\voteApp\build\nodes\.cache\apps\net.corda.node.Corda_3.3-corda\quasar-core-0.7.9-jdk8.jar=x(antlr**;bftsmart**;ch**;co.paralleluniverse**;com.codahale**;com.esotericsoftware**;com.fasterxml**;com.google**;com.ibm**;com.intellij**;com.jcabi**;com.nhaarman**;com.opengamma**;com.typesafe**;com.zaxxer**;de.javakaffee**;groovy**;groovyjarjarantlr**;groovyjarjarasm**;io.atomix**;io.github**;io.netty**;jdk**;joptsimple**;junit**;kotlin**;net.bytebuddy**;net.i2p**;org.apache**;org.assertj**;org.bouncycastle**;org.codehaus**;org.crsh**;org.dom4j**;org.fusesource**;org.h2**;org.hamcrest**;org.hibernate**;org.jboss**;org.jcp**;org.joda**;org.junit**;org.mockito**;org.objectweb**;org.objenesis**;org.slf4j**;org.w3c**;org.xml**;org.yaml**;reflectasm**;rx**;org.jolokia**) -Dcapsule.address=0.0.0.0 -Dvisualvm.display.name=Corda -Djava.library.path=C:\Program Files\Java\jdk1.8.0_221\bin;C:\WINDOWS\Sun\Java\bin;C:\WINDOWS\system32;C:\WINDOWS;C:\Users\Trevor McKinney\bin;C:\Program Files\Git\mingw64\bin;C:\Program Files\Git\usr\local\bin;C:\Program Files\Git\usr\bin;C:\Program Files\Git\usr\bin;C:\Program Files\Git\mingw64\bin;C:\Program Files\Git\usr\bin;C:\Users\Trevor McKinney\bin;C:\Program Files (x86)\Common Files\Oracle\Java\javapath;C:\Program Files (x86)\Common Files\Intel\Shared Libraries\redist\intel64\compiler;C:\Program Files (x86)\Intel\iCLS Client;C:\Program Files\Intel\iCLS Client;C:\WINDOWS\system32;C:\WINDOWS;C:\WINDOWS\System32\Wbem;C:\WINDOWS\System32\WindowsPowerShell\v1.0;C:\Program Files (x86)\Intel\Intel(R) Management Engine Components\DAL;C:\Program Files\Intel\Intel(R) Management Engine Components\DAL;C:\Program Files (x86)\Intel\Intel(R) Management Engine Components\IPT;C:\Program Files\Intel\Intel(R) Management Engine Components\IPT;C:\WINDOWS\system32\config\systemprofile\.dnx\bin;C:\Program Files\Microsoft DNX\Dnvm;C:\Program Files (x86)\Windows Kits\8.1\Windows Performance Toolkit;C:\Program Files\Microsoft SQL Server\130\Tools\Binn;C:\Program Files (x86)\Skype\Phone;C:\Python27;C:\Python27\Scripts;C:\Program Files (x86)\Skype\Phone;C:\Program Files\Intel\WiFi\bin;C:\Program Files\Common Files\Intel\WirelessCommon;C:\Program Files (x86)\GtkSharp\2.12\bin;C:\WINDOWS\System32\OpenSSH;C:\Users\Trevor McKinney\AppData\Local\Microsoft\WindowsApps;C:\Program Files\Intel\WiFi\bin;C:\Program Files\Common Files\Intel\WirelessCommon;C:\Users\Trevor McKinney\AppData\Local\Programs\Microsoft VS Code\bin;C:\Program Files\Git\usr\bin\vendor_perl;C:\Program Files\Git\usr\bin\core_perl;C:\aeez\441\michiganseniors\corda\voteApp\build\nodes\.cache\apps\net.corda.node.Corda_3.3-corda -Dcapsule.log=1 -Dcapsule.app=net.corda.node.Corda_3.3-corda -Dcapsule.port=60849 -Dcapsule.dir=C:\aeez\441\michiganseniors\corda\voteApp\build\nodes\.cache\apps\net.corda.node.Corda_3.3-corda -Dcapsule.jar=C:\aeez\441\michiganseniors\corda\voteApp\build\nodes\Voter\corda.jar {}
[INFO ] 2019-11-19T03:18:53,955Z [main] internal.Node.logStartupInfo - Application Args: --just-generate-node-info {}
[INFO ] 2019-11-19T03:18:53,956Z [main] internal.Node.logStartupInfo - bootclasspath: C:\Program Files\Java\jdk1.8.0_221\jre\lib\resources.jar;C:\Program Files\Java\jdk1.8.0_221\jre\lib\rt.jar;C:\Program Files\Java\jdk1.8.0_221\jre\lib\sunrsasign.jar;C:\Program Files\Java\jdk1.8.0_221\jre\lib\jsse.jar;C:\Program Files\Java\jdk1.8.0_221\jre\lib\jce.jar;C:\Program Files\Java\jdk1.8.0_221\jre\lib\charsets.jar;C:\Program Files\Java\jdk1.8.0_221\jre\lib\jfr.jar;C:\Program Files\Java\jdk1.8.0_221\jre\classes {}
[INFO ] 2019-11-19T03:18:53,956Z [main] internal.Node.logStartupInfo - classpath: C:\aeez\441\michiganseniors\corda\voteApp\build\nodes\Voter\corda.jar;C:\aeez\441\michiganseniors\corda\voteApp\build\nodes\.cache\apps\net.corda.node.Corda_3.3-corda\corda-rpc-3.3-corda.jar;C:\aeez\441\michiganseniors\corda\voteApp\build\nodes\.cache\apps\net.corda.node.Corda_3.3-corda\corda-node-api-3.3-corda.jar;C:\aeez\441\michiganseniors\corda\voteApp\build\nodes\.cache\apps\net.corda.node.Corda_3.3-corda\corda-confidential-identities-3.3-corda.jar;C:\aeez\441\michiganseniors\corda\voteApp\build\nodes\.cache\apps\net.corda.node.Corda_3.3-corda\cordform-common-3.2.1.jar;C:\aeez\441\michiganseniors\corda\voteApp\build\nodes\.cache\apps\net.corda.node.Corda_3.3-corda\log4j-slf4j-impl-2.9.1.jar;C:\aeez\441\michiganseniors\corda\voteApp\build\nodes\.cache\apps\net.corda.node.Corda_3.3-corda\log4j-web-2.9.1.jar;C:\aeez\441\michiganseniors\corda\voteApp\build\nodes\.cache\apps\net.corda.node.Corda_3.3-corda\jul-to-slf4j-1.7.25.jar;C:\aeez\441\michiganseniors\corda\voteApp\build\nodes\.cache\apps\net.corda.node.Corda_3.3-corda\corda-jackson-3.3-corda.jar;C:\aeez\441\michiganseniors\corda\voteApp\build\nodes\.cache\apps\net.corda.node.Corda_3.3-corda\corda-core-3.3-corda.jar;C:\aeez\441\michiganseniors\corda\voteApp\build\nodes\.cache\apps\net.corda.node.Corda_3.3-corda\kotlin-stdlib-jre8-1.1.60.jar;C:\aeez\441\michiganseniors\corda\voteApp\build\nodes\.cache\apps\net.corda.node.Corda_3.3-corda\jackson-module-kotlin-2.9.2.jar;C:\aeez\441\michiganseniors\corda\voteApp\build\nodes\.cache\apps\net.corda.node.Corda_3.3-corda\kotlin-reflect-1.1.60.jar;C:\aeez\441\michiganseniors\corda\voteApp\build\nodes\.cache\apps\net.corda.node.Corda_3.3-corda\jimfs-1.1.jar;C:\aeez\441\michiganseniors\corda\voteApp\build\nodes\.cache\apps\net.corda.node.Corda_3.3-corda\artemis-amqp-protocol-2.2.0.jar;C:\aeez\441\michiganseniors\corda\voteApp\build\nodes\.cache\apps\net.corda.node.Corda_3.3-corda\artemis-server-2.2.0.jar;C:\aeez\441\michiganseniors\corda\voteApp\build\nodes\.cache\apps\net.corda.node.Corda_3.3-corda\artemis-jdbc-store-2.2.0.jar;C:\aeez\441\michiganseniors\corda\voteApp\build\nodes\.cache\apps\net.corda.node.Corda_3.3-corda\artemis-jms-client-2.2.0.jar;C:\aeez\441\michiganseniors\corda\voteApp\build\nodes\.cache\apps\net.corda.node.Corda_3.3-corda\artemis-core-client-2.2.0.jar;C:\aeez\441\michiganseniors\corda\voteApp\build\nodes\.cache\apps\net.corda.node.Corda_3.3-corda\artemis-journal-2.2.0.jar;C:\aeez\441\michiganseniors\corda\voteApp\build\nodes\.cache\apps\net.corda.node.Corda_3.3-corda\artemis-commons-2.2.0.jar;C:\aeez\441\michiganseniors\corda\voteApp\build\nodes\.cache\apps\net.corda.node.Corda_3.3-corda\guava-21.0.jar;C:\aeez\441\michiganseniors\corda\voteApp\build\nodes\.cache\apps\net.corda.node.Corda_3.3-corda\jopt-simple-5.0.2.jar;C:\aeez\441\michiganseniors\corda\voteApp\build\nodes\.cache\apps\net.corda.node.Corda_3.3-corda\commons-collections4-4.1.jar;C:\aeez\441\michiganseniors\corda\voteApp\build\nodes\.cache\apps\net.corda.node.Corda_3.3-corda\shiro-core-1.4.0.jar;C:\aeez\441\michiganseniors\corda\voteApp\build\nodes\.cache\apps\net.corda.node.Corda_3.3-corda\shiro-config-ogdl-1.4.0.jar;C:\aeez\441\michiganseniors\corda\voteApp\build\nodes\.cache\apps\net.corda.node.Corda_3.3-corda\commons-beanutils-1.9.3.jar;C:\aeez\441\michiganseniors\corda\voteApp\build\nodes\.cache\apps\net.corda.node.Corda_3.3-corda\jansi-1.14.jar;C:\aeez\441\michiganseniors\corda\voteApp\build\nodes\.cache\apps\net.corda.node.Corda_3.3-corda\jcabi-manifests-1.1.jar;C:\aeez\441\michiganseniors\corda\voteApp\build\nodes\.cache\apps\net.corda.node.Corda_3.3-corda\forms_rt-7.0.3.jar;C:\aeez\441\michiganseniors\corda\voteApp\build\nodes\.cache\apps\net.corda.node.Corda_3.3-corda\metrics-core-3.1.2.jar;C:\aeez\441\michiganseniors\corda\voteApp\build\nodes\.cache\apps\net.corda.node.Corda_3.3-corda\config-1.3.1.jar;C:\aeez\441\michiganseniors\corda\voteApp\build\nodes\.cache\apps\net.corda.node.Corda_3.3-corda\h2-1.4.194.jar;C:\aeez\441\michiganseniors\corda\voteApp\build\nodes\.cache\apps\net.corda.node.Corda_3.3-corda\postgresql-42.1.4.jar;C:\aeez\441\michiganseniors\corda\voteApp\build\nodes\.cache\apps\net.corda.node.Corda_3.3-corda\HikariCP-2.5.1.jar;C:\aeez\441\michiganseniors\corda\voteApp\build\nodes\.cache\apps\net.corda.node.Corda_3.3-corda\hibernate-java8-5.2.6.Final.jar;C:\aeez\441\michiganseniors\corda\voteApp\build\nodes\.cache\apps\net.corda.node.Corda_3.3-corda\hibernate-core-5.2.6.Final.jar;C:\aeez\441\michiganseniors\corda\voteApp\build\nodes\.cache\apps\net.corda.node.Corda_3.3-corda\copycat-client-1.2.3.jar;C:\aeez\441\michiganseniors\corda\voteApp\build\nodes\.cache\apps\net.corda.node.Corda_3.3-corda\copycat-server-1.2.3.jar;C:\aeez\441\michiganseniors\corda\voteApp\build\nodes\.cache\apps\net.corda.node.Corda_3.3-corda\catalyst-netty-1.1.2.jar;C:\aeez\441\michiganseniors\corda\voteApp\build\nodes\.cache\apps\net.corda.node.Corda_3.3-corda\netty-all-4.1.9.Final.jar;C:\aeez\441\michiganseniors\corda\voteApp\build\nodes\.cache\apps\net.corda.node.Corda_3.3-corda\crash.connectors.ssh-cadb53544fbb3c0fb901445da614998a6a419488.jar;C:\aeez\441\michiganseniors\corda\voteApp\build\nodes\.cache\apps\net.corda.node.Corda_3.3-corda\crash.shell-cadb53544fbb3c0fb901445da614998a6a419488.jar;C:\aeez\441\michiganseniors\corda\voteApp\build\nodes\.cache\apps\net.corda.node.Corda_3.3-corda\okhttp-3.5.0.jar;C:\aeez\441\michiganseniors\corda\voteApp\build\nodes\.cache\apps\net.corda.node.Corda_3.3-corda\commons-codec-1.10.jar;C:\aeez\441\michiganseniors\corda\voteApp\build\nodes\.cache\apps\net.corda.node.Corda_3.3-corda\library-master-v1.1-beta-g6215ec8-87.jar;C:\aeez\441\michiganseniors\corda\voteApp\build\nodes\.cache\apps\net.corda.node.Corda_3.3-corda\jolokia-jvm-1.6.0-agent.jar;C:\aeez\441\michiganseniors\corda\voteApp\build\nodes\.cache\apps\net.corda.node.Corda_3.3-corda\quasar-core-0.7.9-jdk8.jar;C:\aeez\441\michiganseniors\corda\voteApp\build\nodes\.cache\apps\net.corda.node.Corda_3.3-corda\commons-fileupload-1.3.3.jar;C:\aeez\441\michiganseniors\corda\voteApp\build\nodes\.cache\apps\net.corda.node.Corda_3.3-corda\kryo-serializers-0.41.jar;C:\aeez\441\michiganseniors\corda\voteApp\build\nodes\.cache\apps\net.corda.node.Corda_3.3-corda\kryo-4.0.0.jar;C:\aeez\441\michiganseniors\corda\voteApp\build\nodes\.cache\apps\net.corda.node.Corda_3.3-corda\proton-j-0.21.0.jar;C:\aeez\441\michiganseniors\corda\voteApp\build\nodes\.cache\apps\net.corda.node.Corda_3.3-corda\fast-classpath-scanner-2.12.3.jar;C:\aeez\441\michiganseniors\corda\voteApp\build\nodes\.cache\apps\net.corda.node.Corda_3.3-corda\jsr305-3.0.2.jar;C:\aeez\441\michiganseniors\corda\voteApp\build\nodes\.cache\apps\net.corda.node.Corda_3.3-corda\jcabi-log-0.14.jar;C:\aeez\441\michiganseniors\corda\voteApp\build\nodes\.cache\apps\net.corda.node.Corda_3.3-corda\copycat-protocol-1.2.3.jar;C:\aeez\441\michiganseniors\corda\voteApp\build\nodes\.cache\apps\net.corda.node.Corda_3.3-corda\catalyst-transport-1.1.2.jar;C:\aeez\441\michiganseniors\corda\voteApp\build\nodes\.cache\apps\net.corda.node.Corda_3.3-corda\mina-core-2.0.16.jar;C:\aeez\441\michiganseniors\corda\voteApp\build\nodes\.cache\apps\net.corda.node.Corda_3.3-corda\shiro-cache-1.4.0.jar;C:\aeez\441\michiganseniors\corda\voteApp\build\nodes\.cache\apps\net.corda.node.Corda_3.3-corda\shiro-crypto-hash-1.4.0.jar;C:\aeez\441\michiganseniors\corda\voteApp\build\nodes\.cache\apps\net.corda.node.Corda_3.3-corda\shiro-crypto-cipher-1.4.0.jar;C:\aeez\441\michiganseniors\corda\voteApp\build\nodes\.cache\apps\net.corda.node.Corda_3.3-corda\shiro-config-core-1.4.0.jar;C:\aeez\441\michiganseniors\corda\voteApp\build\nodes\.cache\apps\net.corda.node.Corda_3.3-corda\shiro-event-1.4.0.jar;C:\aeez\441\michiganseniors\corda\voteApp\build\nodes\.cache\apps\net.corda.node.Corda_3.3-corda\shiro-crypto-core-1.4.0.jar;C:\aeez\441\michiganseniors\corda\voteApp\build\nodes\.cache\apps\net.corda.node.Corda_3.3-corda\shiro-lang-1.4.0.jar;C:\aeez\441\michiganseniors\corda\voteApp\build\nodes\.cache\apps\net.corda.node.Corda_3.3-corda\jcl-over-slf4j-1.7.25.jar;C:\aeez\441\michiganseniors\corda\voteApp\build\nodes\.cache\apps\net.corda.node.Corda_3.3-corda\catalyst-concurrent-1.1.2.jar;C:\aeez\441\michiganseniors\corda\voteApp\build\nodes\.cache\apps\net.corda.node.Corda_3.3-corda\catalyst-serializer-1.1.2.jar;C:\aeez\441\michiganseniors\corda\voteApp\build\nodes\.cache\apps\net.corda.node.Corda_3.3-corda\catalyst-buffer-1.1.2.jar;C:\aeez\441\michiganseniors\corda\voteApp\build\nodes\.cache\apps\net.corda.node.Corda_3.3-corda\catalyst-common-1.1.2.jar;C:\aeez\441\michiganseniors\corda\voteApp\build\nodes\.cache\apps\net.corda.node.Corda_3.3-corda\sshd-pam-0.11.0.jar;C:\aeez\441\michiganseniors\corda\voteApp\build\nodes\.cache\apps\net.corda.node.Corda_3.3-corda\sshd-core-1.6.0.jar;C:\aeez\441\michiganseniors\corda\voteApp\build\nodes\.cache\apps\net.corda.node.Corda_3.3-corda\slf4j-api-1.7.25.jar;C:\aeez\441\michiganseniors\corda\voteApp\build\nodes\.cache\apps\net.corda.node.Corda_3.3-corda\log4j-core-2.9.1.jar;C:\aeez\441\michiganseniors\corda\voteApp\build\nodes\.cache\apps\net.corda.node.Corda_3.3-corda\log4j-api-2.9.1.jar;C:\aeez\441\michiganseniors\corda\voteApp\build\nodes\.cache\apps\net.corda.node.Corda_3.3-corda\kotlin-stdlib-jre7-1.1.60.jar;C:\aeez\441\michiganseniors\corda\voteApp\build\nodes\.cache\apps\net.corda.node.Corda_3.3-corda\kotlin-stdlib-1.1.60.jar;C:\aeez\441\michiganseniors\corda\voteApp\build\nodes\.cache\apps\net.corda.node.Corda_3.3-corda\commons-collections-3.2.2.jar;C:\aeez\441\michiganseniors\corda\voteApp\build\nodes\.cache\apps\net.corda.node.Corda_3.3-corda\hibernate-commons-annotations-5.0.1.Final.jar;C:\aeez\441\michiganseniors\corda\voteApp\build\nodes\.cache\apps\net.corda.node.Corda_3.3-corda\artemis-native-2.2.0.jar;C:\aeez\441\michiganseniors\corda\voteApp\build\nodes\.cache\apps\net.corda.node.Corda_3.3-corda\jboss-logging-3.3.0.Final.jar;C:\aeez\441\michiganseniors\corda\voteApp\build\nodes\.cache\apps\net.corda.node.Corda_3.3-corda\artemis-selector-2.2.0.jar;C:\aeez\441\michiganseniors\corda\voteApp\build\nodes\.cache\apps\net.corda.node.Corda_3.3-corda\jgroups-3.6.13.Final.jar;C:\aeez\441\michiganseniors\corda\voteApp\build\nodes\.cache\apps\net.corda.node.Corda_3.3-corda\geronimo-json_1.0_spec-1.0-alpha-1.jar;C:\aeez\441\michiganseniors\corda\voteApp\build\nodes\.cache\apps\net.corda.node.Corda_3.3-corda\johnzon-core-0.9.5.jar;C:\aeez\441\michiganseniors\corda\voteApp\build\nodes\.cache\apps\net.corda.node.Corda_3.3-corda\forms-1.1-preview.jar;C:\aeez\441\michiganseniors\corda\voteApp\build\nodes\.cache\apps\net.corda.node.Corda_3.3-corda\jdom-1.0.jar;C:\aeez\441\michiganseniors\corda\voteApp\build\nodes\.cache\apps\net.corda.node.Corda_3.3-corda\jackson-dataformat-yaml-2.9.2.jar;C:\aeez\441\michiganseniors\corda\voteApp\build\nodes\.cache\apps\net.corda.node.Corda_3.3-corda\jackson-datatype-jsr310-2.9.2.jar;C:\aeez\441\michiganseniors\corda\voteApp\build\nodes\.cache\apps\net.corda.node.Corda_3.3-corda\hibernate-jpa-2.1-api-1.0.0.Final.jar;C:\aeez\441\michiganseniors\corda\voteApp\build\nodes\.cache\apps\net.corda.node.Corda_3.3-corda\javassist-3.20.0-GA.jar;C:\aeez\441\michiganseniors\corda\voteApp\build\nodes\.cache\apps\net.corda.node.Corda_3.3-corda\antlr-2.7.7.jar;C:\aeez\441\michiganseniors\corda\voteApp\build\nodes\.cache\apps\net.corda.node.Corda_3.3-corda\geronimo-jta_1.1_spec-1.1.1.jar;C:\aeez\441\michiganseniors\corda\voteApp\build\nodes\.cache\apps\net.corda.node.Corda_3.3-corda\jandex-2.0.3.Final.jar;C:\aeez\441\michiganseniors\corda\voteApp\build\nodes\.cache\apps\net.corda.node.Corda_3.3-corda\classmate-1.3.0.jar;C:\aeez\441\michiganseniors\corda\voteApp\build\nodes\.cache\apps\net.corda.node.Corda_3.3-corda\dom4j-1.6.1.jar;C:\aeez\441\michiganseniors\corda\voteApp\build\nodes\.cache\apps\net.corda.node.Corda_3.3-corda\cdi-api-1.1.jar;C:\aeez\441\michiganseniors\corda\voteApp\build\nodes\.cache\apps\net.corda.node.Corda_3.3-corda\crash.cli-cadb53544fbb3c0fb901445da614998a6a419488.jar;C:\aeez\441\michiganseniors\corda\voteApp\build\nodes\.cache\apps\net.corda.node.Corda_3.3-corda\groovy-all-1.8.9.jar;C:\aeez\441\michiganseniors\corda\voteApp\build\nodes\.cache\apps\net.corda.node.Corda_3.3-corda\okio-1.11.0.jar;C:\aeez\441\michiganseniors\corda\voteApp\build\nodes\.cache\apps\net.corda.node.Corda_3.3-corda\jolokia-core-1.6.0.jar;C:\aeez\441\michiganseniors\corda\voteApp\build\nodes\.cache\apps\net.corda.node.Corda_3.3-corda\json-simple-1.1.1.jar;C:\aeez\441\michiganseniors\corda\voteApp\build\nodes\.cache\apps\net.corda.node.Corda_3.3-corda\rxjava-1.2.4.jar;C:\aeez\441\michiganseniors\corda\voteApp\build\nodes\.cache\apps\net.corda.node.Corda_3.3-corda\commons-jexl3-3.0.jar;C:\aeez\441\michiganseniors\corda\voteApp\build\nodes\.cache\apps\net.corda.node.Corda_3.3-corda\jackson-databind-2.9.2.jar;C:\aeez\441\michiganseniors\corda\voteApp\build\nodes\.cache\apps\net.corda.node.Corda_3.3-corda\eddsa-0.2.0.jar;C:\aeez\441\michiganseniors\corda\voteApp\build\nodes\.cache\apps\net.corda.node.Corda_3.3-corda\bcpkix-jdk15on-1.57.jar;C:\aeez\441\michiganseniors\corda\voteApp\build\nodes\.cache\apps\net.corda.node.Corda_3.3-corda\bcprov-jdk15on-1.57.jar;C:\aeez\441\michiganseniors\corda\voteApp\build\nodes\.cache\apps\net.corda.node.Corda_3.3-corda\commons-io-2.2.jar;C:\aeez\441\michiganseniors\corda\voteApp\build\nodes\.cache\apps\net.corda.node.Corda_3.3-corda\reflectasm-1.11.3.jar;C:\aeez\441\michiganseniors\corda\voteApp\build\nodes\.cache\apps\net.corda.node.Corda_3.3-corda\minlog-1.3.0.jar;C:\aeez\441\michiganseniors\corda\voteApp\build\nodes\.cache\apps\net.corda.node.Corda_3.3-corda\objenesis-2.2.jar;C:\aeez\441\michiganseniors\corda\voteApp\build\nodes\.cache\apps\net.corda.node.Corda_3.3-corda\annotations-13.0.jar;C:\aeez\441\michiganseniors\corda\voteApp\build\nodes\.cache\apps\net.corda.node.Corda_3.3-corda\jackson-annotations-2.9.0.jar;C:\aeez\441\michiganseniors\corda\voteApp\build\nodes\.cache\apps\net.corda.node.Corda_3.3-corda\snakeyaml-1.18.jar;C:\aeez\441\michiganseniors\corda\voteApp\build\nodes\.cache\apps\net.corda.node.Corda_3.3-corda\jackson-core-2.9.2.jar;C:\aeez\441\michiganseniors\corda\voteApp\build\nodes\.cache\apps\net.corda.node.Corda_3.3-corda\el-api-2.2.jar;C:\aeez\441\michiganseniors\corda\voteApp\build\nodes\.cache\apps\net.corda.node.Corda_3.3-corda\jboss-interceptors-api_1.1_spec-1.0.0.Beta1.jar;C:\aeez\441\michiganseniors\corda\voteApp\build\nodes\.cache\apps\net.corda.node.Corda_3.3-corda\jsr250-api-1.0.jar;C:\aeez\441\michiganseniors\corda\voteApp\build\nodes\.cache\apps\net.corda.node.Corda_3.3-corda\javax.inject-1.jar;C:\aeez\441\michiganseniors\corda\voteApp\build\nodes\.cache\apps\net.corda.node.Corda_3.3-corda\jpam-1.1.jar;C:\aeez\441\michiganseniors\corda\voteApp\build\nodes\.cache\apps\net.corda.node.Corda_3.3-corda\geronimo-jms_2.0_spec-1.0-alpha-2.jar;C:\aeez\441\michiganseniors\corda\voteApp\build\nodes\.cache\apps\net.corda.node.Corda_3.3-corda\asm-5.0.4.jar;C:\aeez\441\michiganseniors\corda\voteApp\build\nodes\.cache\apps\net.corda.node.Corda_3.3-corda\corda-node-3.3-corda.jar;C:\aeez\441\michiganseniors\corda\voteApp\build\nodes\Voter\corda.jar;C:\aeez\441\michiganseniors\corda\voteApp\build\nodes\.cache\apps\net.corda.node.Corda_3.3-corda\quasar-core-0.7.9-jdk8.jar {}
[INFO ] 2019-11-19T03:18:53,959Z [main] internal.Node.logStartupInfo - VM Java HotSpot(TM) 64-Bit Server VM Oracle Corporation 25.221-b11 {}
[INFO ] 2019-11-19T03:18:53,959Z [main] internal.Node.logStartupInfo - Machine: DESKTOP-88E5POM {}
[INFO ] 2019-11-19T03:18:53,960Z [main] internal.Node.logStartupInfo - Working Directory: C:\aeez\441\michiganseniors\corda\voteApp\build\nodes\Voter {}
[INFO ] 2019-11-19T03:18:53,960Z [main] internal.Node.logStartupInfo - Starting as node on localhost:10008 {}
[INFO ] 2019-11-19T03:18:54,764Z [main] cordapp.CordappLoader.<init> - No CorDapp paths provided {}
[INFO ] 2019-11-19T03:18:55,774Z [main] internal.Node.generateAndSaveNodeInfo - Generating nodeInfo ... {}
[WARN ] 2019-11-19T03:18:55,774Z [main] internal.Node.initCertificate - Corda node is running in dev mode. {}
[INFO ] 2019-11-19T03:18:59,571Z [main] internal.Node.obtainIdentity - identity-private-key not found in key store C:\aeez\441\michiganseniors\corda\voteApp\build\nodes\Voter\certificates\nodekeystore.jks, generating fresh key! {}
[INFO ] 2019-11-19T03:19:00,696Z [main] BasicInfo.printBasicNodeInfo - Database connection url is              : jdbc:h2:tcp://169.254.85.233:60855/node {}
[INFO ] 2019-11-19T03:19:01,102Z [main] hikari.HikariDataSource.<init> - HikariPool-1 - Started. {}
[INFO ] 2019-11-19T03:19:01,645Z [main] internal.Node.invoke - Connected to H2 database. {}
[INFO ] 2019-11-19T03:19:01,786Z [main] persistence.HibernateConfiguration.<init> - Init HibernateConfiguration for schemas: [CommonSchemaV1(name=net.corda.core.schemas.CommonSchema, version=1), VaultSchemaV1(name=net.corda.node.services.vault.VaultSchema, version=1), NodeInfoSchemaV1(name=net.corda.node.internal.schemas.NodeInfoSchema, version=1), NodeCoreV1(name=net.corda.node.services.schema.NodeSchemaService$NodeCore, version=1)] {}
[INFO ] 2019-11-19T03:19:01,789Z [main] persistence.HibernateConfiguration.makeSessionFactoryForSchemas - Creating session factory for schemas: [CommonSchemaV1(name=net.corda.core.schemas.CommonSchema, version=1), VaultSchemaV1(name=net.corda.node.services.vault.VaultSchema, version=1), NodeInfoSchemaV1(name=net.corda.node.internal.schemas.NodeInfoSchema, version=1), NodeCoreV1(name=net.corda.node.services.schema.NodeSchemaService$NodeCore, version=1)] {}
[INFO ] 2019-11-19T03:19:02,369Z [main] hibernate.Version.logVersion - HHH000412: Hibernate Core {5.2.6.Final} {}
[INFO ] 2019-11-19T03:19:02,373Z [main] cfg.Environment.<clinit> - HHH000206: hibernate.properties not found {}
[INFO ] 2019-11-19T03:19:02,535Z [main] common.Version.<clinit> - HCANN000001: Hibernate Commons Annotations {5.0.1.Final} {}
[INFO ] 2019-11-19T03:19:03,064Z [main] internal.ConnectionProviderInitiator.initiateService - HHH000130: Instantiating explicit connection provider: net.corda.nodeapi.internal.persistence.HibernateConfiguration$NodeDatabaseConnectionProvider {}
[INFO ] 2019-11-19T03:19:03,158Z [main] dialect.Dialect.<init> - HHH000400: Using dialect: org.hibernate.dialect.H2Dialect {}
[INFO ] 2019-11-19T03:19:03,277Z [main] type.BasicTypeRegistry.register - HHH000270: Type registration [materialized_blob] overrides previous : org.hibernate.type.MaterializedBlobType@5d318e91 {}
[INFO ] 2019-11-19T03:19:08,635Z [main] connections.access.getIsolatedConnection - HHH10001501: Connection obtained from JdbcConnectionAccess [org.hibernate.engine.jdbc.env.internal.JdbcEnvironmentInitiator$ConnectionProviderJdbcConnectionAccess@510da778] for (non-JTA) DDL execution was not in auto-commit mode; the Connection 'local transaction' will be committed and the Connection will be set into auto-commit mode. {}
[INFO ] 2019-11-19T03:19:08,846Z [main] persistence.HibernateConfiguration.makeSessionFactoryForSchemas - Created session factory for schemas: [CommonSchemaV1(name=net.corda.core.schemas.CommonSchema, version=1), VaultSchemaV1(name=net.corda.node.services.vault.VaultSchema, version=1), NodeInfoSchemaV1(name=net.corda.node.internal.schemas.NodeInfoSchema, version=1), NodeCoreV1(name=net.corda.node.services.schema.NodeSchemaService$NodeCore, version=1)] {}
[INFO ] 2019-11-19T03:19:09,416Z [main] internal.QueryTranslatorFactoryInitiator.initiateService - HHH000397: Using ASTQueryTranslatorFactory {}
[INFO ] 2019-11-19T03:19:10,854Z [main] internal.Node.tryDetectIfNotPublicHost - Detected public IP: 35.2.230.154. This will be used instead of the provided "localhost" as the advertised address. {}
[INFO ] 2019-11-19T03:19:11,014Z [main] internal.Node.updateNodeInfo - Node-info has changed so submitting update. Old node-info was null {}
[INFO ] 2019-11-19T03:19:11,015Z [main] network.PersistentNetworkMapCache.addNode - Adding node with info: NodeInfo(addresses=[35.2.230.154:10008], legalIdentitiesAndCerts=[O=Voter, L=New York, C=US], platformVersion=3, serial=1574133551015) {}
[INFO ] 2019-11-19T03:19:11,072Z [main] network.PersistentNetworkMapCache.addNode - No previous node found {}
[INFO ] 2019-11-19T03:19:12,065Z [main] network.PersistentNetworkMapCache.addNode - Done adding node with info: NodeInfo(addresses=[35.2.230.154:10008], legalIdentitiesAndCerts=[O=Voter, L=New York, C=US], platformVersion=3, serial=1574133551015) {}
[INFO ] 2019-11-19T03:19:12,066Z [main] internal.Node.updateNodeInfo - New node-info: NodeInfo(addresses=[35.2.230.154:10008], legalIdentitiesAndCerts=[O=Voter, L=New York, C=US], platformVersion=3, serial=1574133551015) {}
[INFO ] 2019-11-19T03:19:12,478Z [main] internal.Node.run - Node exiting successfully {}
[INFO ] 2019-11-19T03:21:05,805Z [main] manifests.Manifests.info - 111 attributes loaded from 127 stream(s) in 15s, 111 saved, 1970 ignored: ["ActiveMQ-Version", "Agent-Class", "Ant-Version", "Application-Class", "Application-Library-Allowable-Codebase", "Application-Name", "Application-Version", "Archiver-Version", "Automatic-Module-Name", "Bnd-LastModified", "Branch", "Build-Date", "Build-Host", "Build-Id", "Build-Java-Version", "Build-Jdk", "Build-Job", "Build-Number", "Build-Timestamp", "Built-By", "Built-OS", "Built-Status", "Bundle-Activator", "Bundle-Category", "Bundle-ClassPath", "Bundle-Copyright", "Bundle-Description", "Bundle-DocURL", "Bundle-License", "Bundle-ManifestVersion", "Bundle-Name", "Bundle-RequiredExecutionEnvironment", "Bundle-SymbolicName", "Bundle-Vendor", "Bundle-Version", "Caller-Allowable-Codebase", "Can-Redefine-Classes", "Can-Retransform-Classes", "Can-Set-Native-Method-Prefix", "Caplets", "Change", "Codebase", "Corda-Platform-Version", "Corda-Release-Version", "Corda-Revision", "Corda-Vendor", "Created-By", "DynamicImport-Package", "Eclipse-BuddyPolicy", "Eclipse-LazyStart", "Export-Package", "Extension-Name", "Fragment-Host", "Gradle-Version", "Ignore-Package", "Implementation-Build", "Implementation-Build-Date", "Implementation-Title", "Implementation-URL", "Implementation-Url", "Implementation-Vendor", "Implementation-Vendor-Id", "Implementation-Version", "Import-Package", "Include-Resource", "JCabi-Build", "JCabi-Date", "JCabi-Version", "JVM-Args", "Java-Agents", "Java-Vendor", "Java-Version", "Kotlin-Runtime-Component", "Kotlin-Version", "Log4jReleaseKey", "Log4jReleaseManager", "Log4jReleaseVersion", "Main-Class", "Main-class", "Manifest-Version", "Min-Java-Version", "Min-Update-Version", "Module-Email", "Module-Origin", "Module-Owner", "Module-Source", "Multi-Release", "Originally-Created-By", "Os-Arch", "Os-Name", "Os-Version", "Package", "Permissions", "Premain-Class", "Private-Package", "Provide-Capability", "Require-Capability", "SCM-Revision", "SCM-url", "Scm-Connection", "Scm-Revision", "Scm-Url", "Service-Component", "Specification-Title", "Specification-Vendor", "Specification-Version", "System-Properties", "Tool", "Trusted-Library", "X-Compile-Source-JDK", "X-Compile-Target-JDK"] {}
[INFO ] 2019-11-19T03:21:06,529Z [main] BasicInfo.printBasicNodeInfo - Logs can be found in                    : C:\aeez\441\michiganseniors\corda\voteApp\build\nodes\Voter\logs {}
[INFO ] 2019-11-19T03:21:06,986Z [main] config.ConfigHelper.loadConfig - Config:
{
    # reference.conf @ jar:file:/C:/aeez/441/michiganseniors/corda/voteApp/build/nodes/Voter/corda.jar!/reference.conf: 20
    "activeMQServer" : {
        # reference.conf @ jar:file:/C:/aeez/441/michiganseniors/corda/voteApp/build/nodes/Voter/corda.jar!/reference.conf: 21
        "bridge" : {
            # reference.conf @ jar:file:/C:/aeez/441/michiganseniors/corda/voteApp/build/nodes/Voter/corda.jar!/reference.conf: 24
            "maxRetryIntervalMin" : 3,
            # reference.conf @ jar:file:/C:/aeez/441/michiganseniors/corda/voteApp/build/nodes/Voter/corda.jar!/reference.conf: 22
            "retryIntervalMs" : 5000,
            # reference.conf @ jar:file:/C:/aeez/441/michiganseniors/corda/voteApp/build/nodes/Voter/corda.jar!/reference.conf: 23
            "retryIntervalMultiplier" : 1.5
        }
    },
    # hardcoded value
    "baseDirectory" : "C:\\aeez\\441\\michiganseniors\\corda\\voteApp\\build\\nodes\\Voter",
    # merge of reference.conf @ jar:file:/C:/aeez/441/michiganseniors/corda/voteApp/build/nodes/Voter/corda.jar!/reference.conf: 6,reference.conf @ jar:file:/C:/Users/Trevor%20McKinney/AppData/Local/capsule/apps/net.corda.node.Corda_3.3-corda/corda-node-3.3-corda.jar!/reference.conf: 6
    "dataSourceProperties" : {
        # reference.conf @ jar:file:/C:/aeez/441/michiganseniors/corda/voteApp/build/nodes/Voter/corda.jar!/reference.conf: 10
        "dataSource.password" : "",
        # merge of reference.conf @ jar:file:/C:/aeez/441/michiganseniors/corda/voteApp/build/nodes/Voter/corda.jar!/reference.conf: 8,hardcoded value,reference.conf @ jar:file:/C:/aeez/441/michiganseniors/corda/voteApp/build/nodes/Voter/corda.jar!/reference.conf: 8,reference.conf @ jar:file:/C:/aeez/441/michiganseniors/corda/voteApp/build/nodes/Voter/corda.jar!/reference.conf: 17
        "dataSource.url" : "jdbc:h2:file:C:\\aeez\\441\\michiganseniors\\corda\\voteApp\\build\\nodes\\Voter/persistence;DB_CLOSE_ON_EXIT=FALSE;LOCK_TIMEOUT=10000;WRITE_DELAY=100;AUTO_SERVER_PORT=0",
        # reference.conf @ jar:file:/C:/aeez/441/michiganseniors/corda/voteApp/build/nodes/Voter/corda.jar!/reference.conf: 9
        "dataSource.user" : "sa",
        # reference.conf @ jar:file:/C:/aeez/441/michiganseniors/corda/voteApp/build/nodes/Voter/corda.jar!/reference.conf: 7
        "dataSourceClassName" : "org.h2.jdbcx.JdbcDataSource"
    },
    # reference.conf @ jar:file:/C:/aeez/441/michiganseniors/corda/voteApp/build/nodes/Voter/corda.jar!/reference.conf: 12
    "database" : {
        # reference.conf @ jar:file:/C:/aeez/441/michiganseniors/corda/voteApp/build/nodes/Voter/corda.jar!/reference.conf: 14
        "exportHibernateJMXStatistics" : "false",
        # reference.conf @ jar:file:/C:/aeez/441/michiganseniors/corda/voteApp/build/nodes/Voter/corda.jar!/reference.conf: 13
        "transactionIsolationLevel" : "REPEATABLE_READ"
    },
    # reference.conf @ jar:file:/C:/aeez/441/michiganseniors/corda/voteApp/build/nodes/Voter/corda.jar!/reference.conf: 16
    "devMode" : true,
    # reference.conf @ jar:file:/C:/aeez/441/michiganseniors/corda/voteApp/build/nodes/Voter/corda.jar!/reference.conf: 2
    "emailAddress" : "admin@company.com",
    # reference.conf @ jar:file:/C:/aeez/441/michiganseniors/corda/voteApp/build/nodes/Voter/corda.jar!/reference.conf: 3
    "exportJMXto" : "http",
    # reference.conf @ jar:file:/C:/aeez/441/michiganseniors/corda/voteApp/build/nodes/Voter/corda.jar!/reference.conf: 31
    "flowTimeout" : {
        # reference.conf @ jar:file:/C:/aeez/441/michiganseniors/corda/voteApp/build/nodes/Voter/corda.jar!/reference.conf: 34
        "backoffBase" : 1.8,
        # reference.conf @ jar:file:/C:/aeez/441/michiganseniors/corda/voteApp/build/nodes/Voter/corda.jar!/reference.conf: 33
        "maxRestartCount" : 5,
        # reference.conf @ jar:file:/C:/aeez/441/michiganseniors/corda/voteApp/build/nodes/Voter/corda.jar!/reference.conf: 32
        "timeout" : "30 seconds"
    },
    # reference.conf @ jar:file:/C:/aeez/441/michiganseniors/corda/voteApp/build/nodes/Voter/corda.jar!/reference.conf: 17
    "h2port" : 0,
    # reference.conf @ jar:file:/C:/aeez/441/michiganseniors/corda/voteApp/build/nodes/Voter/corda.jar!/reference.conf: 4
    "keyStorePassword" : "cordacadevpass",
    # C:\aeez\441\michiganseniors\corda\voteApp\build\nodes\Voter\node.conf: 1
    "myLegalName" : "O=Voter,L=New York,C=US",
    # hardcoded value
    "noLocalShell" : false,
    # C:\aeez\441\michiganseniors\corda\voteApp\build\nodes\Voter\node.conf: 2
    "p2pAddress" : "localhost:10008",
    # merge of C:\aeez\441\michiganseniors\corda\voteApp\build\nodes\Voter\node.conf: 3,reference.conf @ jar:file:/C:/aeez/441/michiganseniors/corda/voteApp/build/nodes/Voter/corda.jar!/reference.conf: 27
    "rpcSettings" : {
        # C:\aeez\441\michiganseniors\corda\voteApp\build\nodes\Voter\node.conf: 4
        "address" : "localhost:10009",
        # C:\aeez\441\michiganseniors\corda\voteApp\build\nodes\Voter\node.conf: 5
        "adminAddress" : "localhost:10049",
        # reference.conf @ jar:file:/C:/aeez/441/michiganseniors/corda/voteApp/build/nodes/Voter/corda.jar!/reference.conf: 29
        "standAloneBroker" : false,
        # reference.conf @ jar:file:/C:/aeez/441/michiganseniors/corda/voteApp/build/nodes/Voter/corda.jar!/reference.conf: 28
        "useSsl" : false
    },
    # C:\aeez\441\michiganseniors\corda\voteApp\build\nodes\Voter\node.conf: 7
    "rpcUsers" : [
        # C:\aeez\441\michiganseniors\corda\voteApp\build\nodes\Voter\node.conf: 8
        {
            # C:\aeez\441\michiganseniors\corda\voteApp\build\nodes\Voter\node.conf: 9
            "password" : "test",
            # C:\aeez\441\michiganseniors\corda\voteApp\build\nodes\Voter\node.conf: 10
            "permissions" : [
                # C:\aeez\441\michiganseniors\corda\voteApp\build\nodes\Voter\node.conf: 11
                "ALL"
            ],
            # C:\aeez\441\michiganseniors\corda\voteApp\build\nodes\Voter\node.conf: 13
            "user" : "user1"
        }
    ],
    # reference.conf @ jar:file:/C:/aeez/441/michiganseniors/corda/voteApp/build/nodes/Voter/corda.jar!/reference.conf: 5
    "trustStorePassword" : "trustpass",
    # reference.conf @ jar:file:/C:/aeez/441/michiganseniors/corda/voteApp/build/nodes/Voter/corda.jar!/reference.conf: 18
    "useTestClock" : false,
    # reference.conf @ jar:file:/C:/aeez/441/michiganseniors/corda/voteApp/build/nodes/Voter/corda.jar!/reference.conf: 19
    "verifierType" : "InMemory"
}
 {}
[WARN ] 2019-11-19T03:21:10,714Z [main] internal.config.defaultToOldPath - Config key user has been deprecated and will be removed in a future release. Use username instead {}
[INFO ] 2019-11-19T03:21:10,858Z [main] internal.Node.logStartupInfo - Vendor: Corda Open Source {}
[INFO ] 2019-11-19T03:21:10,858Z [main] internal.Node.logStartupInfo - Release: 3.3-corda {}
[INFO ] 2019-11-19T03:21:10,859Z [main] internal.Node.logStartupInfo - Platform Version: 3 {}
[INFO ] 2019-11-19T03:21:10,859Z [main] internal.Node.logStartupInfo - Revision: c834162cd488784a0412bba4c9e638da89912ac2 {}
[INFO ] 2019-11-19T03:21:10,861Z [main] internal.Node.logStartupInfo - PID: 2900 {}
[INFO ] 2019-11-19T03:21:10,861Z [main] internal.Node.logStartupInfo - Main class: /C:/Users/Trevor McKinney/AppData/Local/capsule/apps/net.corda.node.Corda_3.3-corda/corda-node-3.3-corda.jar {}
[INFO ] 2019-11-19T03:21:10,862Z [main] internal.Node.logStartupInfo - CommandLine Args: -Xmx200m -XX:+UseG1GC -agentlib:jdwp=transport=dt_socket,server=y,suspend=n,address=5007 -javaagent:drivers/jolokia-jvm-1.3.7-agent.jar=port=7007,logHandlerClass=net.corda.node.JolokiaSlf4Adapter -javaagent:C:\aeez\441\michiganseniors\corda\voteApp\build\nodes\Voter\corda.jar -javaagent:C:\Users\Trevor McKinney\AppData\Local\capsule\apps\net.corda.node.Corda_3.3-corda\quasar-core-0.7.9-jdk8.jar=x(antlr**;bftsmart**;ch**;co.paralleluniverse**;com.codahale**;com.esotericsoftware**;com.fasterxml**;com.google**;com.ibm**;com.intellij**;com.jcabi**;com.nhaarman**;com.opengamma**;com.typesafe**;com.zaxxer**;de.javakaffee**;groovy**;groovyjarjarantlr**;groovyjarjarasm**;io.atomix**;io.github**;io.netty**;jdk**;joptsimple**;junit**;kotlin**;net.bytebuddy**;net.i2p**;org.apache**;org.assertj**;org.bouncycastle**;org.codehaus**;org.crsh**;org.dom4j**;org.fusesource**;org.h2**;org.hamcrest**;org.hibernate**;org.jboss**;org.jcp**;org.joda**;org.junit**;org.mockito**;org.objectweb**;org.objenesis**;org.slf4j**;org.w3c**;org.xml**;org.yaml**;reflectasm**;rx**;org.jolokia**) -Dcapsule.address=0.0.0.0 -Dvisualvm.display.name=Corda -Djava.library.path=C:\Program Files\Java\jdk1.8.0_221\jre\bin;C:\WINDOWS\Sun\Java\bin;C:\WINDOWS\system32;C:\WINDOWS;C:\Users\Trevor McKinney\bin;C:\Program Files\Git\mingw64\bin;C:\Program Files\Git\usr\local\bin;C:\Program Files\Git\usr\bin;C:\Program Files\Git\usr\bin;C:\Program Files\Git\mingw64\bin;C:\Program Files\Git\usr\bin;C:\Users\Trevor McKinney\bin;C:\Program Files (x86)\Common Files\Oracle\Java\javapath;C:\Program Files (x86)\Common Files\Intel\Shared Libraries\redist\intel64\compiler;C:\Program Files (x86)\Intel\iCLS Client;C:\Program Files\Intel\iCLS Client;C:\WINDOWS\system32;C:\WINDOWS;C:\WINDOWS\System32\Wbem;C:\WINDOWS\System32\WindowsPowerShell\v1.0;C:\Program Files (x86)\Intel\Intel(R) Management Engine Components\DAL;C:\Program Files\Intel\Intel(R) Management Engine Components\DAL;C:\Program Files (x86)\Intel\Intel(R) Management Engine Components\IPT;C:\Program Files\Intel\Intel(R) Management Engine Components\IPT;C:\WINDOWS\system32\config\systemprofile\.dnx\bin;C:\Program Files\Microsoft DNX\Dnvm;C:\Program Files (x86)\Windows Kits\8.1\Windows Performance Toolkit;C:\Program Files\Microsoft SQL Server\130\Tools\Binn;C:\Program Files (x86)\Skype\Phone;C:\Python27;C:\Python27\Scripts;C:\Program Files (x86)\Skype\Phone;C:\Program Files\Intel\WiFi\bin;C:\Program Files\Common Files\Intel\WirelessCommon;C:\Program Files (x86)\GtkSharp\2.12\bin;C:\WINDOWS\System32\OpenSSH;C:\Users\Trevor McKinney\AppData\Local\Microsoft\WindowsApps;C:\Program Files\Intel\WiFi\bin;C:\Program Files\Common Files\Intel\WirelessCommon;C:\Users\Trevor McKinney\AppData\Local\Programs\Microsoft VS Code\bin;C:\Program Files\Git\usr\bin\vendor_perl;C:\Program Files\Git\usr\bin\core_perl;C:\Users\Trevor McKinney\AppData\Local\capsule\apps\net.corda.node.Corda_3.3-corda -Dcapsule.log=1 -Dcapsule.app=net.corda.node.Corda_3.3-corda -Dcapsule.port=60875 -Dname=Voter-corda.jar -Dcapsule.jvm.args=-agentlib:jdwp=transport=dt_socket,server=y,suspend=n,address=5007 -javaagent:drivers/jolokia-jvm-1.3.7-agent.jar=port=7007,logHandlerClass=net.corda.node.JolokiaSlf4Adapter -Dcapsule.dir=C:\Users\Trevor McKinney\AppData\Local\capsule\apps\net.corda.node.Corda_3.3-corda -Dcapsule.jar=C:\aeez\441\michiganseniors\corda\voteApp\build\nodes\Voter\corda.jar {}
[INFO ] 2019-11-19T03:21:10,862Z [main] internal.Node.logStartupInfo - Application Args:  {}
[INFO ] 2019-11-19T03:21:10,863Z [main] internal.Node.logStartupInfo - bootclasspath: C:\Program Files\Java\jdk1.8.0_221\jre\lib\resources.jar;C:\Program Files\Java\jdk1.8.0_221\jre\lib\rt.jar;C:\Program Files\Java\jdk1.8.0_221\jre\lib\sunrsasign.jar;C:\Program Files\Java\jdk1.8.0_221\jre\lib\jsse.jar;C:\Program Files\Java\jdk1.8.0_221\jre\lib\jce.jar;C:\Program Files\Java\jdk1.8.0_221\jre\lib\charsets.jar;C:\Program Files\Java\jdk1.8.0_221\jre\lib\jfr.jar;C:\Program Files\Java\jdk1.8.0_221\jre\classes {}
[INFO ] 2019-11-19T03:21:10,863Z [main] internal.Node.logStartupInfo - classpath: C:\aeez\441\michiganseniors\corda\voteApp\build\nodes\Voter\corda.jar;C:\Users\Trevor McKinney\AppData\Local\capsule\apps\net.corda.node.Corda_3.3-corda\corda-rpc-3.3-corda.jar;C:\Users\Trevor McKinney\AppData\Local\capsule\apps\net.corda.node.Corda_3.3-corda\corda-node-api-3.3-corda.jar;C:\Users\Trevor McKinney\AppData\Local\capsule\apps\net.corda.node.Corda_3.3-corda\corda-confidential-identities-3.3-corda.jar;C:\Users\Trevor McKinney\AppData\Local\capsule\apps\net.corda.node.Corda_3.3-corda\cordform-common-3.2.1.jar;C:\Users\Trevor McKinney\AppData\Local\capsule\apps\net.corda.node.Corda_3.3-corda\log4j-slf4j-impl-2.9.1.jar;C:\Users\Trevor McKinney\AppData\Local\capsule\apps\net.corda.node.Corda_3.3-corda\log4j-web-2.9.1.jar;C:\Users\Trevor McKinney\AppData\Local\capsule\apps\net.corda.node.Corda_3.3-corda\jul-to-slf4j-1.7.25.jar;C:\Users\Trevor McKinney\AppData\Local\capsule\apps\net.corda.node.Corda_3.3-corda\corda-jackson-3.3-corda.jar;C:\Users\Trevor McKinney\AppData\Local\capsule\apps\net.corda.node.Corda_3.3-corda\corda-core-3.3-corda.jar;C:\Users\Trevor McKinney\AppData\Local\capsule\apps\net.corda.node.Corda_3.3-corda\kotlin-stdlib-jre8-1.1.60.jar;C:\Users\Trevor McKinney\AppData\Local\capsule\apps\net.corda.node.Corda_3.3-corda\jackson-module-kotlin-2.9.2.jar;C:\Users\Trevor McKinney\AppData\Local\capsule\apps\net.corda.node.Corda_3.3-corda\kotlin-reflect-1.1.60.jar;C:\Users\Trevor McKinney\AppData\Local\capsule\apps\net.corda.node.Corda_3.3-corda\jimfs-1.1.jar;C:\Users\Trevor McKinney\AppData\Local\capsule\apps\net.corda.node.Corda_3.3-corda\artemis-amqp-protocol-2.2.0.jar;C:\Users\Trevor McKinney\AppData\Local\capsule\apps\net.corda.node.Corda_3.3-corda\artemis-server-2.2.0.jar;C:\Users\Trevor McKinney\AppData\Local\capsule\apps\net.corda.node.Corda_3.3-corda\artemis-jdbc-store-2.2.0.jar;C:\Users\Trevor McKinney\AppData\Local\capsule\apps\net.corda.node.Corda_3.3-corda\artemis-jms-client-2.2.0.jar;C:\Users\Trevor McKinney\AppData\Local\capsule\apps\net.corda.node.Corda_3.3-corda\artemis-core-client-2.2.0.jar;C:\Users\Trevor McKinney\AppData\Local\capsule\apps\net.corda.node.Corda_3.3-corda\artemis-journal-2.2.0.jar;C:\Users\Trevor McKinney\AppData\Local\capsule\apps\net.corda.node.Corda_3.3-corda\artemis-commons-2.2.0.jar;C:\Users\Trevor McKinney\AppData\Local\capsule\apps\net.corda.node.Corda_3.3-corda\guava-21.0.jar;C:\Users\Trevor McKinney\AppData\Local\capsule\apps\net.corda.node.Corda_3.3-corda\jopt-simple-5.0.2.jar;C:\Users\Trevor McKinney\AppData\Local\capsule\apps\net.corda.node.Corda_3.3-corda\commons-collections4-4.1.jar;C:\Users\Trevor McKinney\AppData\Local\capsule\apps\net.corda.node.Corda_3.3-corda\shiro-core-1.4.0.jar;C:\Users\Trevor McKinney\AppData\Local\capsule\apps\net.corda.node.Corda_3.3-corda\shiro-config-ogdl-1.4.0.jar;C:\Users\Trevor McKinney\AppData\Local\capsule\apps\net.corda.node.Corda_3.3-corda\commons-beanutils-1.9.3.jar;C:\Users\Trevor McKinney\AppData\Local\capsule\apps\net.corda.node.Corda_3.3-corda\jansi-1.14.jar;C:\Users\Trevor McKinney\AppData\Local\capsule\apps\net.corda.node.Corda_3.3-corda\jcabi-manifests-1.1.jar;C:\Users\Trevor McKinney\AppData\Local\capsule\apps\net.corda.node.Corda_3.3-corda\forms_rt-7.0.3.jar;C:\Users\Trevor McKinney\AppData\Local\capsule\apps\net.corda.node.Corda_3.3-corda\metrics-core-3.1.2.jar;C:\Users\Trevor McKinney\AppData\Local\capsule\apps\net.corda.node.Corda_3.3-corda\config-1.3.1.jar;C:\Users\Trevor McKinney\AppData\Local\capsule\apps\net.corda.node.Corda_3.3-corda\h2-1.4.194.jar;C:\Users\Trevor McKinney\AppData\Local\capsule\apps\net.corda.node.Corda_3.3-corda\postgresql-42.1.4.jar;C:\Users\Trevor McKinney\AppData\Local\capsule\apps\net.corda.node.Corda_3.3-corda\HikariCP-2.5.1.jar;C:\Users\Trevor McKinney\AppData\Local\capsule\apps\net.corda.node.Corda_3.3-corda\hibernate-java8-5.2.6.Final.jar;C:\Users\Trevor McKinney\AppData\Local\capsule\apps\net.corda.node.Corda_3.3-corda\hibernate-core-5.2.6.Final.jar;C:\Users\Trevor McKinney\AppData\Local\capsule\apps\net.corda.node.Corda_3.3-corda\copycat-client-1.2.3.jar;C:\Users\Trevor McKinney\AppData\Local\capsule\apps\net.corda.node.Corda_3.3-corda\copycat-server-1.2.3.jar;C:\Users\Trevor McKinney\AppData\Local\capsule\apps\net.corda.node.Corda_3.3-corda\catalyst-netty-1.1.2.jar;C:\Users\Trevor McKinney\AppData\Local\capsule\apps\net.corda.node.Corda_3.3-corda\netty-all-4.1.9.Final.jar;C:\Users\Trevor McKinney\AppData\Local\capsule\apps\net.corda.node.Corda_3.3-corda\crash.connectors.ssh-cadb53544fbb3c0fb901445da614998a6a419488.jar;C:\Users\Trevor McKinney\AppData\Local\capsule\apps\net.corda.node.Corda_3.3-corda\crash.shell-cadb53544fbb3c0fb901445da614998a6a419488.jar;C:\Users\Trevor McKinney\AppData\Local\capsule\apps\net.corda.node.Corda_3.3-corda\okhttp-3.5.0.jar;C:\Users\Trevor McKinney\AppData\Local\capsule\apps\net.corda.node.Corda_3.3-corda\commons-codec-1.10.jar;C:\Users\Trevor McKinney\AppData\Local\capsule\apps\net.corda.node.Corda_3.3-corda\library-master-v1.1-beta-g6215ec8-87.jar;C:\Users\Trevor McKinney\AppData\Local\capsule\apps\net.corda.node.Corda_3.3-corda\jolokia-jvm-1.6.0-agent.jar;C:\Users\Trevor McKinney\AppData\Local\capsule\apps\net.corda.node.Corda_3.3-corda\quasar-core-0.7.9-jdk8.jar;C:\Users\Trevor McKinney\AppData\Local\capsule\apps\net.corda.node.Corda_3.3-corda\commons-fileupload-1.3.3.jar;C:\Users\Trevor McKinney\AppData\Local\capsule\apps\net.corda.node.Corda_3.3-corda\kryo-serializers-0.41.jar;C:\Users\Trevor McKinney\AppData\Local\capsule\apps\net.corda.node.Corda_3.3-corda\kryo-4.0.0.jar;C:\Users\Trevor McKinney\AppData\Local\capsule\apps\net.corda.node.Corda_3.3-corda\proton-j-0.21.0.jar;C:\Users\Trevor McKinney\AppData\Local\capsule\apps\net.corda.node.Corda_3.3-corda\fast-classpath-scanner-2.12.3.jar;C:\Users\Trevor McKinney\AppData\Local\capsule\apps\net.corda.node.Corda_3.3-corda\jsr305-3.0.2.jar;C:\Users\Trevor McKinney\AppData\Local\capsule\apps\net.corda.node.Corda_3.3-corda\jcabi-log-0.14.jar;C:\Users\Trevor McKinney\AppData\Local\capsule\apps\net.corda.node.Corda_3.3-corda\copycat-protocol-1.2.3.jar;C:\Users\Trevor McKinney\AppData\Local\capsule\apps\net.corda.node.Corda_3.3-corda\catalyst-transport-1.1.2.jar;C:\Users\Trevor McKinney\AppData\Local\capsule\apps\net.corda.node.Corda_3.3-corda\mina-core-2.0.16.jar;C:\Users\Trevor McKinney\AppData\Local\capsule\apps\net.corda.node.Corda_3.3-corda\shiro-cache-1.4.0.jar;C:\Users\Trevor McKinney\AppData\Local\capsule\apps\net.corda.node.Corda_3.3-corda\shiro-crypto-hash-1.4.0.jar;C:\Users\Trevor McKinney\AppData\Local\capsule\apps\net.corda.node.Corda_3.3-corda\shiro-crypto-cipher-1.4.0.jar;C:\Users\Trevor McKinney\AppData\Local\capsule\apps\net.corda.node.Corda_3.3-corda\shiro-config-core-1.4.0.jar;C:\Users\Trevor McKinney\AppData\Local\capsule\apps\net.corda.node.Corda_3.3-corda\shiro-event-1.4.0.jar;C:\Users\Trevor McKinney\AppData\Local\capsule\apps\net.corda.node.Corda_3.3-corda\shiro-crypto-core-1.4.0.jar;C:\Users\Trevor McKinney\AppData\Local\capsule\apps\net.corda.node.Corda_3.3-corda\shiro-lang-1.4.0.jar;C:\Users\Trevor McKinney\AppData\Local\capsule\apps\net.corda.node.Corda_3.3-corda\jcl-over-slf4j-1.7.25.jar;C:\Users\Trevor McKinney\AppData\Local\capsule\apps\net.corda.node.Corda_3.3-corda\catalyst-concurrent-1.1.2.jar;C:\Users\Trevor McKinney\AppData\Local\capsule\apps\net.corda.node.Corda_3.3-corda\catalyst-serializer-1.1.2.jar;C:\Users\Trevor McKinney\AppData\Local\capsule\apps\net.corda.node.Corda_3.3-corda\catalyst-buffer-1.1.2.jar;C:\Users\Trevor McKinney\AppData\Local\capsule\apps\net.corda.node.Corda_3.3-corda\catalyst-common-1.1.2.jar;C:\Users\Trevor McKinney\AppData\Local\capsule\apps\net.corda.node.Corda_3.3-corda\sshd-pam-0.11.0.jar;C:\Users\Trevor McKinney\AppData\Local\capsule\apps\net.corda.node.Corda_3.3-corda\sshd-core-1.6.0.jar;C:\Users\Trevor McKinney\AppData\Local\capsule\apps\net.corda.node.Corda_3.3-corda\slf4j-api-1.7.25.jar;C:\Users\Trevor McKinney\AppData\Local\capsule\apps\net.corda.node.Corda_3.3-corda\log4j-core-2.9.1.jar;C:\Users\Trevor McKinney\AppData\Local\capsule\apps\net.corda.node.Corda_3.3-corda\log4j-api-2.9.1.jar;C:\Users\Trevor McKinney\AppData\Local\capsule\apps\net.corda.node.Corda_3.3-corda\kotlin-stdlib-jre7-1.1.60.jar;C:\Users\Trevor McKinney\AppData\Local\capsule\apps\net.corda.node.Corda_3.3-corda\kotlin-stdlib-1.1.60.jar;C:\Users\Trevor McKinney\AppData\Local\capsule\apps\net.corda.node.Corda_3.3-corda\commons-collections-3.2.2.jar;C:\Users\Trevor McKinney\AppData\Local\capsule\apps\net.corda.node.Corda_3.3-corda\hibernate-commons-annotations-5.0.1.Final.jar;C:\Users\Trevor McKinney\AppData\Local\capsule\apps\net.corda.node.Corda_3.3-corda\artemis-native-2.2.0.jar;C:\Users\Trevor McKinney\AppData\Local\capsule\apps\net.corda.node.Corda_3.3-corda\jboss-logging-3.3.0.Final.jar;C:\Users\Trevor McKinney\AppData\Local\capsule\apps\net.corda.node.Corda_3.3-corda\artemis-selector-2.2.0.jar;C:\Users\Trevor McKinney\AppData\Local\capsule\apps\net.corda.node.Corda_3.3-corda\jgroups-3.6.13.Final.jar;C:\Users\Trevor McKinney\AppData\Local\capsule\apps\net.corda.node.Corda_3.3-corda\geronimo-json_1.0_spec-1.0-alpha-1.jar;C:\Users\Trevor McKinney\AppData\Local\capsule\apps\net.corda.node.Corda_3.3-corda\johnzon-core-0.9.5.jar;C:\Users\Trevor McKinney\AppData\Local\capsule\apps\net.corda.node.Corda_3.3-corda\forms-1.1-preview.jar;C:\Users\Trevor McKinney\AppData\Local\capsule\apps\net.corda.node.Corda_3.3-corda\jdom-1.0.jar;C:\Users\Trevor McKinney\AppData\Local\capsule\apps\net.corda.node.Corda_3.3-corda\jackson-dataformat-yaml-2.9.2.jar;C:\Users\Trevor McKinney\AppData\Local\capsule\apps\net.corda.node.Corda_3.3-corda\jackson-datatype-jsr310-2.9.2.jar;C:\Users\Trevor McKinney\AppData\Local\capsule\apps\net.corda.node.Corda_3.3-corda\hibernate-jpa-2.1-api-1.0.0.Final.jar;C:\Users\Trevor McKinney\AppData\Local\capsule\apps\net.corda.node.Corda_3.3-corda\javassist-3.20.0-GA.jar;C:\Users\Trevor McKinney\AppData\Local\capsule\apps\net.corda.node.Corda_3.3-corda\antlr-2.7.7.jar;C:\Users\Trevor McKinney\AppData\Local\capsule\apps\net.corda.node.Corda_3.3-corda\geronimo-jta_1.1_spec-1.1.1.jar;C:\Users\Trevor McKinney\AppData\Local\capsule\apps\net.corda.node.Corda_3.3-corda\jandex-2.0.3.Final.jar;C:\Users\Trevor McKinney\AppData\Local\capsule\apps\net.corda.node.Corda_3.3-corda\classmate-1.3.0.jar;C:\Users\Trevor McKinney\AppData\Local\capsule\apps\net.corda.node.Corda_3.3-corda\dom4j-1.6.1.jar;C:\Users\Trevor McKinney\AppData\Local\capsule\apps\net.corda.node.Corda_3.3-corda\cdi-api-1.1.jar;C:\Users\Trevor McKinney\AppData\Local\capsule\apps\net.corda.node.Corda_3.3-corda\crash.cli-cadb53544fbb3c0fb901445da614998a6a419488.jar;C:\Users\Trevor McKinney\AppData\Local\capsule\apps\net.corda.node.Corda_3.3-corda\groovy-all-1.8.9.jar;C:\Users\Trevor McKinney\AppData\Local\capsule\apps\net.corda.node.Corda_3.3-corda\okio-1.11.0.jar;C:\Users\Trevor McKinney\AppData\Local\capsule\apps\net.corda.node.Corda_3.3-corda\jolokia-core-1.6.0.jar;C:\Users\Trevor McKinney\AppData\Local\capsule\apps\net.corda.node.Corda_3.3-corda\json-simple-1.1.1.jar;C:\Users\Trevor McKinney\AppData\Local\capsule\apps\net.corda.node.Corda_3.3-corda\rxjava-1.2.4.jar;C:\Users\Trevor McKinney\AppData\Local\capsule\apps\net.corda.node.Corda_3.3-corda\commons-jexl3-3.0.jar;C:\Users\Trevor McKinney\AppData\Local\capsule\apps\net.corda.node.Corda_3.3-corda\jackson-databind-2.9.2.jar;C:\Users\Trevor McKinney\AppData\Local\capsule\apps\net.corda.node.Corda_3.3-corda\eddsa-0.2.0.jar;C:\Users\Trevor McKinney\AppData\Local\capsule\apps\net.corda.node.Corda_3.3-corda\bcpkix-jdk15on-1.57.jar;C:\Users\Trevor McKinney\AppData\Local\capsule\apps\net.corda.node.Corda_3.3-corda\bcprov-jdk15on-1.57.jar;C:\Users\Trevor McKinney\AppData\Local\capsule\apps\net.corda.node.Corda_3.3-corda\commons-io-2.2.jar;C:\Users\Trevor McKinney\AppData\Local\capsule\apps\net.corda.node.Corda_3.3-corda\reflectasm-1.11.3.jar;C:\Users\Trevor McKinney\AppData\Local\capsule\apps\net.corda.node.Corda_3.3-corda\minlog-1.3.0.jar;C:\Users\Trevor McKinney\AppData\Local\capsule\apps\net.corda.node.Corda_3.3-corda\objenesis-2.2.jar;C:\Users\Trevor McKinney\AppData\Local\capsule\apps\net.corda.node.Corda_3.3-corda\annotations-13.0.jar;C:\Users\Trevor McKinney\AppData\Local\capsule\apps\net.corda.node.Corda_3.3-corda\jackson-annotations-2.9.0.jar;C:\Users\Trevor McKinney\AppData\Local\capsule\apps\net.corda.node.Corda_3.3-corda\snakeyaml-1.18.jar;C:\Users\Trevor McKinney\AppData\Local\capsule\apps\net.corda.node.Corda_3.3-corda\jackson-core-2.9.2.jar;C:\Users\Trevor McKinney\AppData\Local\capsule\apps\net.corda.node.Corda_3.3-corda\el-api-2.2.jar;C:\Users\Trevor McKinney\AppData\Local\capsule\apps\net.corda.node.Corda_3.3-corda\jboss-interceptors-api_1.1_spec-1.0.0.Beta1.jar;C:\Users\Trevor McKinney\AppData\Local\capsule\apps\net.corda.node.Corda_3.3-corda\jsr250-api-1.0.jar;C:\Users\Trevor McKinney\AppData\Local\capsule\apps\net.corda.node.Corda_3.3-corda\javax.inject-1.jar;C:\Users\Trevor McKinney\AppData\Local\capsule\apps\net.corda.node.Corda_3.3-corda\jpam-1.1.jar;C:\Users\Trevor McKinney\AppData\Local\capsule\apps\net.corda.node.Corda_3.3-corda\geronimo-jms_2.0_spec-1.0-alpha-2.jar;C:\Users\Trevor McKinney\AppData\Local\capsule\apps\net.corda.node.Corda_3.3-corda\asm-5.0.4.jar;C:\Users\Trevor McKinney\AppData\Local\capsule\apps\net.corda.node.Corda_3.3-corda\corda-node-3.3-corda.jar;C:\aeez\441\michiganseniors\corda\voteApp\build\nodes\Voter\cordapps\cordapp-0.1.jar;C:\aeez\441\michiganseniors\corda\voteApp\build\nodes\Voter\cordapps\cordapp-contracts-states-0.1.jar;C:\aeez\441\michiganseniors\corda\voteApp\build\nodes\Voter\cordapps\voteApp-0.1.jar;drivers/jolokia-jvm-1.3.7-agent.jar;C:\aeez\441\michiganseniors\corda\voteApp\build\nodes\Voter\corda.jar;C:\Users\Trevor McKinney\AppData\Local\capsule\apps\net.corda.node.Corda_3.3-corda\quasar-core-0.7.9-jdk8.jar {}
[INFO ] 2019-11-19T03:21:10,866Z [main] internal.Node.logStartupInfo - VM Java HotSpot(TM) 64-Bit Server VM Oracle Corporation 25.221-b11 {}
[INFO ] 2019-11-19T03:21:10,867Z [main] internal.Node.logStartupInfo - Machine: DESKTOP-88E5POM {}
[INFO ] 2019-11-19T03:21:10,868Z [main] internal.Node.logStartupInfo - Working Directory: C:\aeez\441\michiganseniors\corda\voteApp\build\nodes\Voter {}
[INFO ] 2019-11-19T03:21:10,869Z [main] internal.Node.logStartupInfo - Debug port: dt_socket:5007 {}
[INFO ] 2019-11-19T03:21:10,869Z [main] internal.Node.logStartupInfo - Starting as node on localhost:10008 {}
[INFO ] 2019-11-19T03:21:11,383Z [main] cordapp.CordappLoader.<init> - Loading CorDapps from RestrictedURL(url=file:/C:/aeez/441/michiganseniors/corda/voteApp/build/nodes/Voter/cordapps/cordapp-0.1.jar, rootPackageName=null), RestrictedURL(url=file:/C:/aeez/441/michiganseniors/corda/voteApp/build/nodes/Voter/cordapps/cordapp-contracts-states-0.1.jar, rootPackageName=null), RestrictedURL(url=file:/C:/aeez/441/michiganseniors/corda/voteApp/build/nodes/Voter/cordapps/voteApp-0.1.jar, rootPackageName=null) {}
[INFO ] 2019-11-19T03:21:11,665Z [main] cordapp.CordappLoader.scanCordapp - Scanning CorDapp in file:/C:/aeez/441/michiganseniors/corda/voteApp/build/nodes/Voter/cordapps/cordapp-0.1.jar {}
[INFO ] 2019-11-19T03:21:12,215Z [main] cordapp.CordappLoader.scanCordapp - Scanning CorDapp in file:/C:/aeez/441/michiganseniors/corda/voteApp/build/nodes/Voter/cordapps/cordapp-contracts-states-0.1.jar {}
[INFO ] 2019-11-19T03:21:12,373Z [main] cordapp.CordappLoader.scanCordapp - Scanning CorDapp in file:/C:/aeez/441/michiganseniors/corda/voteApp/build/nodes/Voter/cordapps/voteApp-0.1.jar {}
[INFO ] 2019-11-19T03:21:13,147Z [main] internal.Node.start - Node starting up ... {}
[WARN ] 2019-11-19T03:21:13,147Z [main] internal.Node.initCertificate - Corda node is running in dev mode. {}
[INFO ] 2019-11-19T03:21:17,890Z [main] internal.NetworkParametersReader.retrieveNetworkParameters - Loaded network parameters: net.corda.core.internal.SignedDataWithCert@6f3b13d0 {}
[INFO ] 2019-11-19T03:21:20,135Z [main] BasicInfo.printBasicNodeInfo - Database connection url is              : jdbc:h2:tcp://169.254.85.233:60889/node {}
[INFO ] 2019-11-19T03:21:20,644Z [main] hikari.HikariDataSource.<init> - HikariPool-1 - Started. {}
[INFO ] 2019-11-19T03:21:22,265Z [main] internal.Node.invoke - Connected to H2 database. {}
[INFO ] 2019-11-19T03:21:22,734Z [main] persistence.HibernateConfiguration.<init> - Init HibernateConfiguration for schemas: [CommonSchemaV1(name=net.corda.core.schemas.CommonSchema, version=1), VaultSchemaV1(name=net.corda.node.services.vault.VaultSchema, version=1), NodeInfoSchemaV1(name=net.corda.node.internal.schemas.NodeInfoSchema, version=1), NodeCoreV1(name=net.corda.node.services.schema.NodeSchemaService$NodeCore, version=1)] {}
[INFO ] 2019-11-19T03:21:22,736Z [main] persistence.HibernateConfiguration.makeSessionFactoryForSchemas - Creating session factory for schemas: [CommonSchemaV1(name=net.corda.core.schemas.CommonSchema, version=1), VaultSchemaV1(name=net.corda.node.services.vault.VaultSchema, version=1), NodeInfoSchemaV1(name=net.corda.node.internal.schemas.NodeInfoSchema, version=1), NodeCoreV1(name=net.corda.node.services.schema.NodeSchemaService$NodeCore, version=1)] {}
[INFO ] 2019-11-19T03:21:23,271Z [main] hibernate.Version.logVersion - HHH000412: Hibernate Core {5.2.6.Final} {}
[INFO ] 2019-11-19T03:21:23,347Z [main] cfg.Environment.<clinit> - HHH000206: hibernate.properties not found {}
[INFO ] 2019-11-19T03:21:23,842Z [main] common.Version.<clinit> - HCANN000001: Hibernate Commons Annotations {5.0.1.Final} {}
[INFO ] 2019-11-19T03:21:24,267Z [main] internal.ConnectionProviderInitiator.initiateService - HHH000130: Instantiating explicit connection provider: net.corda.nodeapi.internal.persistence.HibernateConfiguration$NodeDatabaseConnectionProvider {}
[INFO ] 2019-11-19T03:21:24,315Z [main] dialect.Dialect.<init> - HHH000400: Using dialect: org.hibernate.dialect.H2Dialect {}
[INFO ] 2019-11-19T03:21:24,482Z [main] type.BasicTypeRegistry.register - HHH000270: Type registration [materialized_blob] overrides previous : org.hibernate.type.MaterializedBlobType@b56d8a7 {}
[INFO ] 2019-11-19T03:21:29,702Z [main] connections.access.getIsolatedConnection - HHH10001501: Connection obtained from JdbcConnectionAccess [org.hibernate.engine.jdbc.env.internal.JdbcEnvironmentInitiator$ConnectionProviderJdbcConnectionAccess@166a5659] for (non-JTA) DDL execution was not in auto-commit mode; the Connection 'local transaction' will be committed and the Connection will be set into auto-commit mode. {}
[INFO ] 2019-11-19T03:21:30,326Z [main] persistence.HibernateConfiguration.makeSessionFactoryForSchemas - Created session factory for schemas: [CommonSchemaV1(name=net.corda.core.schemas.CommonSchema, version=1), VaultSchemaV1(name=net.corda.node.services.vault.VaultSchema, version=1), NodeInfoSchemaV1(name=net.corda.node.internal.schemas.NodeInfoSchema, version=1), NodeCoreV1(name=net.corda.node.services.schema.NodeSchemaService$NodeCore, version=1)] {}
[INFO ] 2019-11-19T03:21:30,893Z [main] internal.QueryTranslatorFactoryInitiator.initiateService - HHH000397: Using ASTQueryTranslatorFactory {}
[INFO ] 2019-11-19T03:21:34,819Z [main] internal.Node.tryDetectIfNotPublicHost - Detected public IP: 35.2.230.154. This will be used instead of the provided "localhost" as the advertised address. {}
[INFO ] 2019-11-19T03:21:34,886Z [main] internal.Node.updateNodeInfo - Node-info has changed so submitting update. Old node-info was null {}
[INFO ] 2019-11-19T03:21:34,886Z [main] network.PersistentNetworkMapCache.addNode - Adding node with info: NodeInfo(addresses=[35.2.230.154:10008], legalIdentitiesAndCerts=[O=Voter, L=New York, C=US], platformVersion=3, serial=1574133694886) {}
[INFO ] 2019-11-19T03:21:34,942Z [main] network.PersistentNetworkMapCache.addNode - No previous node found {}
[INFO ] 2019-11-19T03:21:35,297Z [main] network.PersistentNetworkMapCache.addNode - Done adding node with info: NodeInfo(addresses=[35.2.230.154:10008], legalIdentitiesAndCerts=[O=Voter, L=New York, C=US], platformVersion=3, serial=1574133694886) {}
[INFO ] 2019-11-19T03:21:35,298Z [main] internal.Node.updateNodeInfo - New node-info: NodeInfo(addresses=[35.2.230.154:10008], legalIdentitiesAndCerts=[O=Voter, L=New York, C=US], platformVersion=3, serial=1574133694886) {}
[INFO ] 2019-11-19T03:21:36,861Z [main] persistence.NodeAttachmentService.invoke - Stored new attachment A0463C27929454BD1533D4D627CDBED159560BC7B3B3992707A632FF5AE93C53 {}
[INFO ] 2019-11-19T03:21:37,549Z [main] security.RPCSecurityManagerImpl.buildImpl - Constructing realm from list of users in config [User(user1, permissions=[ALL])] {}
[INFO ] 2019-11-19T03:21:40,560Z [main] BasicInfo.printBasicNodeInfo - Advertised P2P messaging addresses      : 35.2.230.154:10008 {}
[INFO ] 2019-11-19T03:21:40,573Z [main] BasicInfo.printBasicNodeInfo - RPC connection address                  : localhost:10009 {}
[INFO ] 2019-11-19T03:21:40,582Z [main] BasicInfo.printBasicNodeInfo - RPC admin connection address            : localhost:10049 {}
[INFO ] 2019-11-19T03:21:47,515Z [main] messaging.ArtemisMessagingServer.configureAndStartServer - P2P messaging server listening on port 10008 {}
[INFO ] 2019-11-19T03:21:50,595Z [main] internal.ArtemisMessagingClient.start - Connecting to message broker: localhost:10008 {}
[INFO ] 2019-11-19T03:21:54,212Z [main] internal.ArtemisMessagingClient.start - Connecting to message broker: localhost:10008 {}
[INFO ] 2019-11-19T03:21:54,440Z [main] internal.ArtemisMessagingClient.start - Connecting to message broker: localhost:10049 {}
[INFO ] 2019-11-19T03:21:54,626Z [main] messaging.P2PMessagingClient.start - Connecting to message broker: localhost:10008 {}
[INFO ] 2019-11-19T03:21:54,768Z [main] messaging.P2PMessagingClient.createQueueIfAbsent - Create fresh queue p2p.inbound.DLFATARLxRm4aBnn7z3m3svZ4RA59pnXGkhGSPqWeKtdwe bound on same address {}
[INFO ] 2019-11-19T03:21:55,127Z [Thread-0 (ActiveMQ-client-global-threads)] bridging.BridgeControlListener.processControlMessage - Received bridge control message NodeToBridgeSnapshot(nodeIdentity=DLFATARLxRm4aBnn7z3m3svZ4RA59pnXGkhGSPqWeKtdwe, inboxQueues=[p2p.inbound.DLFATARLxRm4aBnn7z3m3svZ4RA59pnXGkhGSPqWeKtdwe], sendQueues=[]) {}
[INFO ] 2019-11-19T03:21:56,458Z [main] plugin.PluginManager.getPlugins - Loaded plugin Plugin[type=SSHPlugin,interface=SSHPlugin] {}
[INFO ] 2019-11-19T03:21:56,462Z [main] plugin.PluginManager.getPlugins - Loaded plugin Plugin[type=SSHInlinePlugin,interface=CommandPlugin] {}
[INFO ] 2019-11-19T03:21:56,465Z [main] plugin.PluginManager.getPlugins - Loaded plugin Plugin[type=KeyAuthenticationPlugin,interface=KeyAuthenticationPlugin] {}
[INFO ] 2019-11-19T03:21:56,467Z [main] plugin.PluginManager.getPlugins - Loaded plugin Plugin[type=CRaSHShellFactory,interface=ShellFactory] {}
[INFO ] 2019-11-19T03:21:56,469Z [main] plugin.PluginManager.getPlugins - Loaded plugin Plugin[type=GroovyLanguageProxy,interface=Language] {}
[INFO ] 2019-11-19T03:21:56,478Z [main] plugin.PluginManager.getPlugins - Loaded plugin Plugin[type=JavaLanguage,interface=Language] {}
[INFO ] 2019-11-19T03:21:56,501Z [main] plugin.PluginManager.getPlugins - Loaded plugin Plugin[type=ScriptLanguage,interface=Language] {}
[INFO ] 2019-11-19T03:21:56,509Z [main] plugin.PluginManager.getPlugins - Loaded plugin Plugin[type=JaasAuthenticationPlugin,interface=AuthenticationPlugin] {}
[INFO ] 2019-11-19T03:21:56,511Z [main] plugin.PluginManager.getPlugins - Loaded plugin Plugin[type=SimpleAuthenticationPlugin,interface=AuthenticationPlugin] {}
[INFO ] 2019-11-19T03:21:56,525Z [main] ssh.SSHPlugin.init - Could not boot SSHD due to missing due to missing port configuration {}
[INFO ] 2019-11-19T03:21:56,527Z [main] plugin.PluginManager.getPlugins - Initialized plugin Plugin[type=SSHPlugin,interface=SSHPlugin] {}
[INFO ] 2019-11-19T03:21:56,527Z [main] plugin.PluginManager.getPlugins - Initialized plugin Plugin[type=SSHInlinePlugin,interface=CommandPlugin] {}
[INFO ] 2019-11-19T03:21:56,528Z [main] plugin.PluginManager.getPlugins - Initialized plugin Plugin[type=KeyAuthenticationPlugin,interface=KeyAuthenticationPlugin] {}
[INFO ] 2019-11-19T03:21:56,550Z [main] plugin.PluginManager.getPlugins - Initialized plugin Plugin[type=GroovyLanguageProxy,interface=Language] {}
[INFO ] 2019-11-19T03:21:56,550Z [main] plugin.PluginManager.getPlugins - Initialized plugin Plugin[type=ScriptLanguage,interface=Language] {}
[INFO ] 2019-11-19T03:21:56,613Z [main] plugin.PluginManager.getPlugins - Initialized plugin Plugin[type=CRaSHShellFactory,interface=ShellFactory] {}
[INFO ] 2019-11-19T03:21:56,614Z [main] plugin.PluginManager.getPlugins - Initialized plugin Plugin[type=JaasAuthenticationPlugin,interface=AuthenticationPlugin] {}
[INFO ] 2019-11-19T03:21:56,614Z [main] plugin.PluginManager.getPlugins - Initialized plugin Plugin[type=SimpleAuthenticationPlugin,interface=AuthenticationPlugin] {}
[INFO ] 2019-11-19T03:21:56,614Z [main] plugin.PluginManager.getPlugins - Initialized plugin Plugin[type=CordaAuthenticationPlugin,interface=AuthenticationPlugin] {}
[WARN ] 2019-11-19T03:21:58,427Z [main] utilities.AppendOnlyPersistentMapBase.set - Double insert in net.corda.node.utilities.AppendOnlyPersistentMap for entity class class net.corda.node.services.identity.PersistentIdentityService$PersistentIdentity key D26F6D1A2FF299BFCE09C5E68216BD7F281DEA8047B5D6450322F75E7E749FE9, not inserting the second time {}
[INFO ] 2019-11-19T03:21:58,429Z [main] messaging.P2PMessagingClient.updateBridgesOnNetworkChange - Updating bridges on network map change: NodeInfo(addresses=[35.2.230.154:10008], legalIdentitiesAndCerts=[O=Voter, L=New York, C=US], platformVersion=3, serial=1574133694886) {}
[INFO ] 2019-11-19T03:21:58,725Z [RxIoScheduler-2] network.PersistentNetworkMapCache.addNode - Adding node with info: NodeInfo(addresses=[35.2.230.154:10002], legalIdentitiesAndCerts=[O=Notary, L=London, C=GB], platformVersion=3, serial=1574133554848) {}
[INFO ] 2019-11-19T03:21:58,737Z [RxIoScheduler-2] network.PersistentNetworkMapCache.addNode - No previous node found {}
[INFO ] 2019-11-19T03:21:58,699Z [main] BasicInfo.printBasicNodeInfo - Loaded CorDapps                         : cordapp-0.1, cordapp-contracts-states-0.1, voteApp-0.1, corda-core-3.3-corda {}
[INFO ] 2019-11-19T03:21:58,788Z [main] BasicInfo.printBasicNodeInfo - Node for "Voter" started up and registered in 69.22 sec {}
[INFO ] 2019-11-19T03:21:58,824Z [RxIoScheduler-2] messaging.P2PMessagingClient.updateBridgesOnNetworkChange - Updating bridges on network map change: NodeInfo(addresses=[35.2.230.154:10002], legalIdentitiesAndCerts=[O=Notary, L=London, C=GB], platformVersion=3, serial=1574133554848) {}
[INFO ] 2019-11-19T03:21:58,838Z [RxIoScheduler-2] network.PersistentNetworkMapCache.addNode - Done adding node with info: NodeInfo(addresses=[35.2.230.154:10002], legalIdentitiesAndCerts=[O=Notary, L=London, C=GB], platformVersion=3, serial=1574133554848) {}
[INFO ] 2019-11-19T03:21:58,840Z [RxIoScheduler-2] network.PersistentNetworkMapCache.addNode - Adding node with info: NodeInfo(addresses=[35.2.230.154:10008], legalIdentitiesAndCerts=[O=Voter, L=New York, C=US], platformVersion=3, serial=1574133551015) {}
[INFO ] 2019-11-19T03:21:58,880Z [RxIoScheduler-2] network.PersistentNetworkMapCache.addNode - Discarding older nodeInfo for O=Voter, L=New York, C=US {}
[INFO ] 2019-11-19T03:21:58,881Z [RxIoScheduler-2] network.PersistentNetworkMapCache.addNode - Adding node with info: NodeInfo(addresses=[35.2.230.154:10005], legalIdentitiesAndCerts=[O=Host, L=London, C=GB], platformVersion=3, serial=1574133543779) {}
[INFO ] 2019-11-19T03:21:58,883Z [RxIoScheduler-2] network.PersistentNetworkMapCache.addNode - No previous node found {}
[INFO ] 2019-11-19T03:21:58,980Z [RxIoScheduler-2] messaging.P2PMessagingClient.updateBridgesOnNetworkChange - Updating bridges on network map change: NodeInfo(addresses=[35.2.230.154:10005], legalIdentitiesAndCerts=[O=Host, L=London, C=GB], platformVersion=3, serial=1574133543779) {}
[INFO ] 2019-11-19T03:21:58,995Z [RxIoScheduler-2] network.PersistentNetworkMapCache.addNode - Done adding node with info: NodeInfo(addresses=[35.2.230.154:10005], legalIdentitiesAndCerts=[O=Host, L=London, C=GB], platformVersion=3, serial=1574133543779) {}
[INFO ] 2019-11-19T03:21:59,189Z [main] messaging.RPCServer.start - Starting RPC server with configuration RPCServerConfiguration(rpcThreadPoolSize=4, reapInterval=PT1S, deduplicationCacheExpiry=PT24H) {}
[INFO ] 2019-11-19T03:28:44,522Z [Command line shell terminator] shell.InteractiveShell.invoke - Command shell has exited {}
[INFO ] 2019-11-19T03:28:44,526Z [Command line shell terminator] BasicInfo.printBasicNodeInfo - Shutting down ... {}
[INFO ] 2019-11-19T03:28:44,576Z [main] internal.Node.run - Node exiting successfully {}
